TN:
SF:src/api/anthropic.ts
FN:12,(anonymous_0)
FNF:1
FNH:0
FNDA:0,(anonymous_0)
DA:12,0
DA:13,0
DA:14,0
DA:15,0
DA:17,0
LF:5
LH:0
BRDA:14,0,0,0
BRDA:14,0,1,0
BRF:2
BRH:0
end_of_record
TN:
SF:src/api/chat-oracle-api.ts
FN:24,(anonymous_0)
FN:32,(anonymous_1)
FN:35,(anonymous_2)
FN:98,(anonymous_3)
FN:117,(anonymous_4)
FN:130,(anonymous_5)
FN:142,(anonymous_6)
FN:145,(anonymous_7)
FN:167,(anonymous_8)
FNF:9
FNH:0
FNDA:0,(anonymous_0)
FNDA:0,(anonymous_1)
FNDA:0,(anonymous_2)
FNDA:0,(anonymous_3)
FNDA:0,(anonymous_4)
FNDA:0,(anonymous_5)
FNDA:0,(anonymous_6)
FNDA:0,(anonymous_7)
FNDA:0,(anonymous_8)
DA:2,0
DA:24,0
DA:25,0
DA:28,0
DA:32,0
DA:33,0
DA:34,0
DA:35,0
DA:37,0
DA:46,0
DA:48,0
DA:49,0
DA:50,0
DA:51,0
DA:52,0
DA:54,0
DA:58,0
DA:61,0
DA:62,0
DA:65,0
DA:66,0
DA:69,0
DA:70,0
DA:73,0
DA:74,0
DA:77,0
DA:78,0
DA:82,0
DA:85,0
DA:87,0
DA:88,0
DA:91,0
DA:98,0
DA:103,0
DA:105,0
DA:107,0
DA:108,0
DA:109,0
DA:111,0
DA:112,0
DA:113,0
DA:114,0
DA:117,0
DA:120,0
DA:121,0
DA:122,0
DA:125,0
DA:130,0
DA:135,0
DA:137,0
DA:138,0
DA:141,0
DA:142,0
DA:143,0
DA:145,0
DA:146,0
DA:149,0
DA:153,0
DA:167,0
DA:168,0
DA:170,0
DA:171,0
DA:174,0
DA:175,0
DA:178,0
DA:179,0
DA:182,0
DA:183,0
DA:186,0
DA:187,0
DA:190,0
DA:191,0
DA:194,0
LF:73
LH:0
BRDA:25,0,0,0
BRDA:25,0,1,0
BRDA:48,1,0,0
BRDA:48,1,1,0
BRDA:49,2,0,0
BRDA:49,2,1,0
BRDA:49,3,0,0
BRDA:49,3,1,0
BRDA:51,4,0,0
BRDA:51,4,1,0
BRDA:61,5,0,0
BRDA:61,5,1,0
BRDA:65,6,0,0
BRDA:65,6,1,0
BRDA:69,7,0,0
BRDA:69,7,1,0
BRDA:73,8,0,0
BRDA:73,8,1,0
BRDA:77,9,0,0
BRDA:77,9,1,0
BRDA:87,10,0,0
BRDA:87,10,1,0
BRDA:87,11,0,0
BRDA:87,11,1,0
BRDA:92,12,0,0
BRDA:92,12,1,0
BRDA:107,13,0,0
BRDA:107,13,1,0
BRDA:113,14,0,0
BRDA:113,14,1,0
BRDA:114,15,0,0
BRDA:114,15,1,0
BRDA:121,16,0,0
BRDA:121,16,1,0
BRDA:125,17,0,0
BRDA:125,17,1,0
BRDA:137,18,0,0
BRDA:137,18,1,0
BRDA:141,19,0,0
BRDA:141,19,1,0
BRDA:141,20,0,0
BRDA:141,20,1,0
BRDA:170,21,0,0
BRDA:170,21,1,0
BRDA:170,22,0,0
BRDA:170,22,1,0
BRDA:170,22,2,0
BRDA:174,23,0,0
BRDA:174,23,1,0
BRDA:174,24,0,0
BRDA:174,24,1,0
BRDA:174,24,2,0
BRDA:178,25,0,0
BRDA:178,25,1,0
BRDA:178,26,0,0
BRDA:178,26,1,0
BRDA:182,27,0,0
BRDA:182,27,1,0
BRDA:182,28,0,0
BRDA:182,28,1,0
BRDA:186,29,0,0
BRDA:186,29,1,0
BRDA:186,30,0,0
BRDA:186,30,1,0
BRDA:186,30,2,0
BRDA:190,31,0,0
BRDA:190,31,1,0
BRF:67
BRH:0
end_of_record
TN:
SF:src/api/chat-service.ts
FN:17,(anonymous_0)
FN:27,(anonymous_1)
FN:36,(anonymous_2)
FN:62,(anonymous_3)
FN:72,(anonymous_4)
FN:103,(anonymous_5)
FN:113,(anonymous_6)
FN:144,(anonymous_7)
FNF:8
FNH:0
FNDA:0,(anonymous_0)
FNDA:0,(anonymous_1)
FNDA:0,(anonymous_2)
FNDA:0,(anonymous_3)
FNDA:0,(anonymous_4)
FNDA:0,(anonymous_5)
FNDA:0,(anonymous_6)
FNDA:0,(anonymous_7)
DA:17,0
DA:21,0
DA:22,0
DA:23,0
DA:25,0
DA:27,0
DA:36,0
DA:37,0
DA:38,0
DA:40,0
DA:43,0
DA:52,0
DA:53,0
DA:62,0
DA:63,0
DA:72,0
DA:73,0
DA:74,0
DA:75,0
DA:77,0
DA:84,0
DA:93,0
DA:94,0
DA:103,0
DA:104,0
DA:113,0
DA:114,0
DA:115,0
DA:116,0
DA:118,0
DA:125,0
DA:134,0
DA:135,0
DA:144,0
DA:145,0
LF:35
LH:0
BRDA:26,0,0,0
BRDA:26,0,1,0
BRDA:28,1,0,0
BRDA:28,1,1,0
BRDA:31,2,0,0
BRDA:31,2,1,0
BRDA:32,3,0,0
BRDA:32,3,1,0
BRDA:37,4,0,0
BRDA:37,4,1,0
BRDA:46,5,0,0
BRDA:46,5,1,0
BRDA:47,6,0,0
BRDA:47,6,1,0
BRDA:48,7,0,0
BRDA:48,7,1,0
BRDA:48,8,0,0
BRDA:48,8,1,0
BRDA:78,9,0,0
BRDA:78,9,1,0
BRDA:80,10,0,0
BRDA:80,10,1,0
BRDA:81,11,0,0
BRDA:81,11,1,0
BRDA:85,12,0,0
BRDA:85,12,1,0
BRDA:87,13,0,0
BRDA:87,13,1,0
BRDA:88,14,0,0
BRDA:88,14,1,0
BRDA:89,15,0,0
BRDA:89,15,1,0
BRDA:119,16,0,0
BRDA:119,16,1,0
BRDA:121,17,0,0
BRDA:121,17,1,0
BRDA:122,18,0,0
BRDA:122,18,1,0
BRDA:126,19,0,0
BRDA:126,19,1,0
BRDA:128,20,0,0
BRDA:128,20,1,0
BRDA:129,21,0,0
BRDA:129,21,1,0
BRDA:130,22,0,0
BRDA:130,22,1,0
BRF:46
BRH:0
end_of_record
TN:
SF:src/api/grok.ts
FN:13,(anonymous_0)
FNF:1
FNH:0
FNDA:0,(anonymous_0)
DA:13,0
DA:14,0
DA:15,0
DA:16,0
DA:18,0
LF:5
LH:0
BRDA:15,0,0,0
BRDA:15,0,1,0
BRF:2
BRH:0
end_of_record
TN:
SF:src/api/image-generation.ts
FN:19,generateImage
FN:74,convertAspectRatioToSize
FNF:2
FNH:0
FNDA:0,generateImage
FNDA:0,convertAspectRatioToSize
DA:10,0
DA:11,0
DA:28,0
DA:30,0
DA:39,0
DA:47,0
DA:48,0
DA:49,0
DA:50,0
DA:53,0
DA:54,0
DA:57,0
DA:58,0
DA:60,0
DA:61,0
DA:64,0
DA:65,0
DA:75,0
DA:77,0
DA:79,0
DA:81,0
DA:83,0
LF:22
LH:0
BRDA:47,0,0,0
BRDA:47,0,1,0
BRDA:57,1,0,0
BRDA:57,1,1,0
BRDA:57,2,0,0
BRDA:57,2,1,0
BRDA:75,3,0,0
BRDA:75,3,1,0
BRDA:75,3,2,0
BRDA:75,3,3,0
BRF:10
BRH:0
end_of_record
TN:
SF:src/api/openai.ts
FN:12,(anonymous_0)
FNF:1
FNH:0
FNDA:0,(anonymous_0)
DA:12,0
DA:13,0
DA:14,0
DA:15,0
DA:17,0
LF:5
LH:0
BRDA:14,0,0,0
BRDA:14,0,1,0
BRF:2
BRH:0
end_of_record
TN:
SF:src/api/oxalate-api.ts
FN:7,(anonymous_0)
FN:71,(anonymous_1)
FN:77,(anonymous_2)
FN:106,(anonymous_3)
FN:142,(anonymous_4)
FN:187,(anonymous_5)
FN:195,(anonymous_6)
FN:206,(anonymous_7)
FN:216,(anonymous_8)
FN:226,(anonymous_9)
FN:237,(anonymous_10)
FN:358,(anonymous_11)
FN:365,(anonymous_12)
FN:376,(anonymous_13)
FN:407,(anonymous_14)
FNF:15
FNH:0
FNDA:0,(anonymous_0)
FNDA:0,(anonymous_1)
FNDA:0,(anonymous_2)
FNDA:0,(anonymous_3)
FNDA:0,(anonymous_4)
FNDA:0,(anonymous_5)
FNDA:0,(anonymous_6)
FNDA:0,(anonymous_7)
FNDA:0,(anonymous_8)
FNDA:0,(anonymous_9)
FNDA:0,(anonymous_10)
FNDA:0,(anonymous_11)
FNDA:0,(anonymous_12)
FNDA:0,(anonymous_13)
FNDA:0,(anonymous_14)
DA:2,0
DA:3,0
DA:4,0
DA:7,0
DA:8,0
DA:9,0
DA:10,0
DA:18,0
DA:19,0
DA:25,0
DA:26,0
DA:28,0
DA:29,0
DA:30,0
DA:36,0
DA:43,0
DA:50,0
DA:71,0
DA:72,0
DA:73,0
DA:76,0
DA:77,0
DA:79,0
DA:88,0
DA:89,0
DA:91,0
DA:92,0
DA:93,0
DA:96,0
DA:97,0
DA:100,0
DA:101,0
DA:104,0
DA:106,0
DA:120,0
DA:121,0
DA:124,0
DA:125,0
DA:130,0
DA:131,0
DA:133,0
DA:136,0
DA:137,0
DA:142,0
DA:148,0
DA:149,0
DA:157,0
DA:158,0
DA:166,0
DA:167,0
DA:169,0
DA:178,0
DA:187,0
DA:188,0
DA:189,0
DA:190,0
DA:191,0
DA:195,0
DA:196,0
DA:197,0
DA:198,0
DA:199,0
DA:200,0
DA:201,0
DA:202,0
DA:206,0
DA:207,0
DA:208,0
DA:209,0
DA:210,0
DA:211,0
DA:212,0
DA:216,0
DA:217,0
DA:218,0
DA:219,0
DA:220,0
DA:221,0
DA:222,0
DA:226,0
DA:227,0
DA:228,0
DA:229,0
DA:230,0
DA:231,0
DA:232,0
DA:237,0
DA:238,0
DA:358,0
DA:365,0
DA:372,0
DA:373,0
DA:375,0
DA:376,0
DA:378,0
DA:389,0
DA:391,0
DA:392,0
DA:394,0
DA:395,0
DA:398,0
DA:399,0
DA:402,0
DA:403,0
DA:405,0
DA:407,0
DA:421,0
DA:426,0
DA:427,0
DA:429,0
DA:431,0
DA:432,0
LF:112
LH:0
BRDA:2,0,0,0
BRDA:2,0,1,0
BRDA:3,1,0,0
BRDA:3,1,1,0
BRDA:4,2,0,0
BRDA:4,2,1,0
BRDA:18,3,0,0
BRDA:18,3,1,0
BRDA:26,4,0,0
BRDA:26,4,1,0
BRDA:28,5,0,0
BRDA:28,5,1,0
BRDA:29,6,0,0
BRDA:29,6,1,0
BRDA:52,7,0,0
BRDA:52,7,1,0
BRDA:91,8,0,0
BRDA:91,8,1,0
BRDA:100,9,0,0
BRDA:100,9,1,0
BRDA:100,10,0,0
BRDA:100,10,1,0
BRDA:100,10,2,0
BRDA:104,11,0,0
BRDA:104,11,1,0
BRDA:108,12,0,0
BRDA:108,12,1,0
BRDA:109,13,0,0
BRDA:109,13,1,0
BRDA:110,14,0,0
BRDA:110,14,1,0
BRDA:110,14,2,0
BRDA:111,15,0,0
BRDA:111,15,1,0
BRDA:111,16,0,0
BRDA:111,16,1,0
BRDA:111,16,2,0
BRDA:157,17,0,0
BRDA:157,17,1,0
BRDA:167,18,0,0
BRDA:167,18,1,0
BRDA:173,19,0,0
BRDA:173,19,1,0
BRDA:182,20,0,0
BRDA:182,20,1,0
BRDA:188,21,0,0
BRDA:188,21,1,0
BRDA:189,22,0,0
BRDA:189,22,1,0
BRDA:190,23,0,0
BRDA:190,23,1,0
BRDA:197,24,0,0
BRDA:197,24,1,0
BRDA:197,24,2,0
BRDA:197,24,3,0
BRDA:197,24,4,0
BRDA:207,25,0,0
BRDA:207,25,1,0
BRDA:207,25,2,0
BRDA:207,25,3,0
BRDA:207,25,4,0
BRDA:217,26,0,0
BRDA:217,26,1,0
BRDA:217,26,2,0
BRDA:217,26,3,0
BRDA:217,26,4,0
BRDA:227,27,0,0
BRDA:227,27,1,0
BRDA:227,27,2,0
BRDA:227,27,3,0
BRDA:227,27,4,0
BRDA:391,28,0,0
BRDA:391,28,1,0
BRDA:402,29,0,0
BRDA:402,29,1,0
BRDA:402,30,0,0
BRDA:402,30,1,0
BRDA:402,30,2,0
BRDA:405,31,0,0
BRDA:405,31,1,0
BRDA:409,32,0,0
BRDA:409,32,1,0
BRDA:410,33,0,0
BRDA:410,33,1,0
BRDA:411,34,0,0
BRDA:411,34,1,0
BRDA:411,34,2,0
BRDA:412,35,0,0
BRDA:412,35,1,0
BRDA:412,36,0,0
BRDA:412,36,1,0
BRDA:412,36,2,0
BRF:92
BRH:0
end_of_record
TN:
SF:src/api/recipe-generator-api.ts
FN:23,(anonymous_0)
FN:27,(anonymous_1)
FN:29,(anonymous_2)
FN:37,(anonymous_3)
FN:101,(anonymous_4)
FN:169,(anonymous_5)
FN:639,(anonymous_6)
FN:644,(anonymous_7)
FN:645,(anonymous_8)
FN:666,(anonymous_9)
FN:667,(anonymous_10)
FN:770,(anonymous_11)
FNF:12
FNH:0
FNDA:0,(anonymous_0)
FNDA:0,(anonymous_1)
FNDA:0,(anonymous_2)
FNDA:0,(anonymous_3)
FNDA:0,(anonymous_4)
FNDA:0,(anonymous_5)
FNDA:0,(anonymous_6)
FNDA:0,(anonymous_7)
FNDA:0,(anonymous_8)
FNDA:0,(anonymous_9)
FNDA:0,(anonymous_10)
FNDA:0,(anonymous_11)
DA:2,0
DA:21,0
DA:23,0
DA:24,0
DA:27,0
DA:29,0
DA:31,0
DA:32,0
DA:35,0
DA:36,0
DA:37,0
DA:39,0
DA:41,0
DA:44,0
DA:46,0
DA:47,0
DA:48,0
DA:49,0
DA:50,0
DA:51,0
DA:54,0
DA:55,0
DA:58,0
DA:59,0
DA:62,0
DA:63,0
DA:66,0
DA:67,0
DA:70,0
DA:71,0
DA:74,0
DA:75,0
DA:79,0
DA:80,0
DA:84,0
DA:85,0
DA:89,0
DA:100,0
DA:101,0
DA:103,0
DA:112,0
DA:114,0
DA:116,0
DA:117,0
DA:118,0
DA:119,0
DA:120,0
DA:121,0
DA:123,0
DA:127,0
DA:130,0
DA:131,0
DA:134,0
DA:135,0
DA:138,0
DA:139,0
DA:142,0
DA:143,0
DA:146,0
DA:147,0
DA:151,0
DA:154,0
DA:155,0
DA:158,0
DA:159,0
DA:160,0
DA:164,0
DA:165,0
DA:168,0
DA:169,0
DA:170,0
DA:175,0
DA:176,0
DA:177,0
DA:181,0
DA:185,0
DA:188,0
DA:195,0
DA:234,0
DA:639,0
DA:640,0
DA:641,0
DA:644,0
DA:645,0
DA:646,0
DA:652,0
DA:655,0
DA:658,0
DA:660,0
DA:666,0
DA:667,0
DA:669,0
DA:670,0
DA:671,0
DA:672,0
DA:673,0
DA:677,0
DA:679,0
DA:680,0
DA:681,0
DA:683,0
DA:684,0
DA:685,0
DA:687,0
DA:690,0
DA:691,0
DA:692,0
DA:696,0
DA:697,0
DA:698,0
DA:699,0
DA:703,0
DA:704,0
DA:705,0
DA:706,0
DA:709,0
DA:710,0
DA:711,0
DA:712,0
DA:716,0
DA:717,0
DA:718,0
DA:719,0
DA:720,0
DA:724,0
DA:725,0
DA:726,0
DA:730,0
DA:731,0
DA:732,0
DA:733,0
DA:734,0
DA:735,0
DA:736,0
DA:737,0
DA:741,0
DA:742,0
DA:743,0
DA:744,0
DA:745,0
DA:746,0
DA:747,0
DA:749,0
DA:754,0
DA:755,0
DA:759,0
DA:760,0
DA:761,0
DA:762,0
DA:763,0
DA:767,0
DA:770,0
LF:152
LH:0
BRDA:29,0,0,0
BRDA:29,1,0,0
BRDA:31,2,0,0
BRDA:31,2,1,0
BRDA:46,3,0,0
BRDA:46,3,1,0
BRDA:48,4,0,0
BRDA:48,4,1,0
BRDA:50,5,0,0
BRDA:50,5,1,0
BRDA:54,6,0,0
BRDA:54,6,1,0
BRDA:58,7,0,0
BRDA:58,7,1,0
BRDA:62,8,0,0
BRDA:62,8,1,0
BRDA:66,9,0,0
BRDA:66,9,1,0
BRDA:70,10,0,0
BRDA:70,10,1,0
BRDA:70,11,0,0
BRDA:70,11,1,0
BRDA:74,12,0,0
BRDA:74,12,1,0
BRDA:74,13,0,0
BRDA:74,13,1,0
BRDA:79,14,0,0
BRDA:79,14,1,0
BRDA:84,15,0,0
BRDA:84,15,1,0
BRDA:114,16,0,0
BRDA:114,16,1,0
BRDA:116,17,0,0
BRDA:116,17,1,0
BRDA:116,18,0,0
BRDA:116,18,1,0
BRDA:118,19,0,0
BRDA:118,19,1,0
BRDA:120,20,0,0
BRDA:120,20,1,0
BRDA:130,21,0,0
BRDA:130,21,1,0
BRDA:134,22,0,0
BRDA:134,22,1,0
BRDA:138,23,0,0
BRDA:138,23,1,0
BRDA:142,24,0,0
BRDA:142,24,1,0
BRDA:146,25,0,0
BRDA:146,25,1,0
BRDA:158,26,0,0
BRDA:158,26,1,0
BRDA:158,27,0,0
BRDA:158,27,1,0
BRDA:158,27,2,0
BRDA:164,28,0,0
BRDA:164,28,1,0
BRDA:164,29,0,0
BRDA:164,29,1,0
BRDA:165,30,0,0
BRDA:165,30,1,0
BRDA:165,31,0,0
BRDA:165,31,1,0
BRDA:165,31,2,0
BRDA:175,32,0,0
BRDA:175,32,1,0
BRDA:181,33,0,0
BRDA:181,33,1,0
BRDA:181,34,0,0
BRDA:181,34,1,0
BRDA:181,34,2,0
BRDA:181,34,3,0
BRDA:189,35,0,0
BRDA:189,35,1,0
BRDA:639,36,0,0
BRDA:640,37,0,0
BRDA:640,37,1,0
BRDA:641,38,0,0
BRDA:641,38,1,0
BRDA:646,39,0,0
BRDA:646,39,1,0
BRDA:652,40,0,0
BRDA:652,40,1,0
BRDA:685,41,0,0
BRDA:685,41,1,0
BRDA:690,42,0,0
BRDA:690,42,1,0
BRDA:690,43,0,0
BRDA:690,43,1,0
BRDA:690,43,2,0
BRDA:690,43,3,0
BRDA:696,44,0,0
BRDA:696,44,1,0
BRDA:698,45,0,0
BRDA:698,45,1,0
BRDA:703,46,0,0
BRDA:703,46,1,0
BRDA:703,47,0,0
BRDA:703,47,1,0
BRDA:705,48,0,0
BRDA:705,48,1,0
BRDA:709,49,0,0
BRDA:709,49,1,0
BRDA:709,50,0,0
BRDA:709,50,1,0
BRDA:711,51,0,0
BRDA:711,51,1,0
BRDA:716,52,0,0
BRDA:716,52,1,0
BRDA:717,53,0,0
BRDA:717,53,1,0
BRDA:718,54,0,0
BRDA:718,54,1,0
BRDA:719,55,0,0
BRDA:719,55,1,0
BRDA:724,56,0,0
BRDA:724,56,1,0
BRDA:730,57,0,0
BRDA:730,57,1,0
BRDA:734,58,0,0
BRDA:734,58,1,0
BRDA:734,59,0,0
BRDA:734,59,1,0
BRDA:734,59,2,0
BRDA:741,60,0,0
BRDA:741,60,1,0
BRDA:743,61,0,0
BRDA:743,61,1,0
BRDA:744,62,0,0
BRDA:744,62,1,0
BRDA:746,63,0,0
BRDA:746,63,1,0
BRDA:747,64,0,0
BRDA:747,64,1,0
BRDA:747,65,0,0
BRDA:747,65,1,0
BRDA:747,65,2,0
BRDA:749,66,0,0
BRDA:749,66,1,0
BRDA:754,67,0,0
BRDA:754,67,1,0
BRDA:760,68,0,0
BRDA:760,68,1,0
BRDA:762,69,0,0
BRDA:762,69,1,0
BRDA:769,70,0,0
BRDA:769,70,1,0
BRF:147
BRH:0
end_of_record
TN:
SF:src/api/transcribe-audio.ts
FN:12,(anonymous_0)
FNF:1
FNH:0
FNDA:0,(anonymous_0)
DA:12,0
DA:13,0
DA:15,0
DA:16,0
DA:21,0
DA:22,0
DA:24,0
DA:25,0
DA:26,0
DA:30,0
DA:38,0
DA:39,0
DA:40,0
DA:43,0
DA:44,0
DA:46,0
DA:47,0
LF:17
LH:0
BRDA:25,0,0,0
BRDA:25,0,1,0
BRDA:38,1,0,0
BRDA:38,1,1,0
BRF:4
BRH:0
end_of_record
TN:
SF:src/components/ApiStatusIndicator.tsx
FN:10,(anonymous_0)
FN:18,(anonymous_1)
FN:34,(anonymous_2)
FN:42,(anonymous_3)
FN:48,(anonymous_4)
FNF:5
FNH:0
FNDA:0,(anonymous_0)
FNDA:0,(anonymous_1)
FNDA:0,(anonymous_2)
FNDA:0,(anonymous_3)
FNDA:0,(anonymous_4)
DA:10,0
DA:11,0
DA:16,0
DA:18,0
DA:19,0
DA:20,0
DA:21,0
DA:22,0
DA:24,0
DA:30,0
DA:34,0
DA:35,0
DA:38,0
DA:39,0
DA:42,0
DA:43,0
DA:44,0
DA:45,0
DA:48,0
DA:49,0
DA:50,0
DA:51,0
DA:54,0
LF:23
LH:0
BRDA:10,0,0,0
BRDA:38,1,0,0
BRDA:38,1,1,0
BRDA:38,2,0,0
BRDA:38,2,1,0
BRDA:43,3,0,0
BRDA:43,3,1,0
BRDA:44,4,0,0
BRDA:44,4,1,0
BRDA:45,5,0,0
BRDA:45,5,1,0
BRDA:49,6,0,0
BRDA:49,6,1,0
BRDA:50,7,0,0
BRDA:50,7,1,0
BRDA:51,8,0,0
BRDA:51,8,1,0
BRDA:58,9,0,0
BRDA:58,9,1,0
BRDA:68,10,0,0
BRDA:68,10,1,0
BRDA:85,11,0,0
BRDA:85,11,1,0
BRDA:85,11,2,0
BRDA:90,12,0,0
BRDA:90,12,1,0
BRF:26
BRH:0
end_of_record
TN:
SF:src/components/BottomNavigation.tsx
FN:22,(anonymous_0)
FN:45,(anonymous_1)
FN:79,(anonymous_2)
FNF:3
FNH:0
FNDA:0,(anonymous_0)
FNDA:0,(anonymous_1)
FNDA:0,(anonymous_2)
DA:22,0
DA:29,0
DA:30,0
DA:31,0
DA:37,0
DA:39,0
DA:79,0
DA:80,0
DA:82,0
DA:149,0
LF:10
LH:0
BRDA:27,0,0,0
BRDA:45,1,0,0
BRDA:45,1,1,0
BRDA:54,2,0,0
BRDA:54,2,1,0
BRDA:55,3,0,0
BRDA:55,3,1,0
BRDA:56,4,0,0
BRDA:56,4,1,0
BRDA:64,5,0,0
BRDA:64,5,1,0
BRDA:65,6,0,0
BRDA:65,6,1,0
BRDA:73,7,0,0
BRDA:73,7,1,0
BRDA:74,8,0,0
BRDA:74,8,1,0
BRDA:75,9,0,0
BRDA:75,9,1,0
BRDA:88,10,0,0
BRDA:88,10,1,0
BRDA:97,11,0,0
BRDA:97,11,1,0
BRDA:100,12,0,0
BRDA:100,12,1,0
BRDA:101,13,0,0
BRDA:101,13,1,0
BRDA:106,14,0,0
BRDA:106,14,1,0
BRDA:113,15,0,0
BRDA:113,15,1,0
BRDA:113,15,2,0
BRDA:116,16,0,0
BRDA:116,16,1,0
BRDA:125,17,0,0
BRDA:125,17,1,0
BRDA:126,18,0,0
BRDA:126,18,1,0
BRDA:133,19,0,0
BRDA:133,19,1,0
BRDA:133,19,2,0
BRDA:140,20,0,0
BRDA:140,20,1,0
BRF:43
BRH:0
end_of_record
TN:
SF:src/components/DailyProgressBar.tsx
FN:15,(anonymous_0)
FN:24,(anonymous_1)
FNF:2
FNH:0
FNDA:0,(anonymous_0)
FNDA:0,(anonymous_1)
DA:15,0
DA:16,0
DA:17,0
DA:19,0
DA:20,0
DA:21,0
DA:22,0
DA:24,0
DA:25,0
DA:27,0
DA:28,0
DA:29,0
DA:30,0
DA:32,0
DA:33,0
DA:34,0
DA:35,0
DA:36,0
DA:37,0
DA:39,0
DA:44,0
LF:21
LH:0
BRDA:27,0,0,0
BRDA:27,0,1,0
BRDA:29,1,0,0
BRDA:29,1,1,0
BRDA:32,2,0,0
BRDA:32,2,1,0
BRDA:34,3,0,0
BRDA:34,3,1,0
BRDA:36,4,0,0
BRDA:36,4,1,0
BRDA:57,5,0,0
BRDA:57,5,1,0
BRDA:71,6,0,0
BRDA:71,6,1,0
BRF:14
BRH:0
end_of_record
TN:
SF:src/components/EditRecipeModal.tsx
FN:25,(anonymous_0)
FN:36,(anonymous_1)
FN:39,(anonymous_2)
FN:46,(anonymous_3)
FN:46,(anonymous_4)
FN:53,(anonymous_5)
FN:53,(anonymous_6)
FN:185,(anonymous_7)
FN:188,(anonymous_8)
FNF:9
FNH:0
FNDA:0,(anonymous_0)
FNDA:0,(anonymous_1)
FNDA:0,(anonymous_2)
FNDA:0,(anonymous_3)
FNDA:0,(anonymous_4)
FNDA:0,(anonymous_5)
FNDA:0,(anonymous_6)
FNDA:0,(anonymous_7)
FNDA:0,(anonymous_8)
DA:25,0
DA:26,0
DA:27,0
DA:29,0
DA:30,0
DA:31,0
DA:32,0
DA:33,0
DA:34,0
DA:35,0
DA:36,0
DA:37,0
DA:39,0
DA:40,0
DA:41,0
DA:42,0
DA:46,0
DA:53,0
DA:56,0
DA:57,0
DA:58,0
DA:60,0
DA:74,0
DA:75,0
DA:76,0
DA:79,0
DA:81,0
DA:186,0
DA:188,0
LF:29
LH:0
BRDA:30,0,0,0
BRDA:30,0,1,0
BRDA:32,1,0,0
BRDA:32,1,1,0
BRDA:33,2,0,0
BRDA:33,2,1,0
BRDA:35,3,0,0
BRDA:35,3,1,0
BRDA:40,4,0,0
BRDA:40,4,1,0
BRDA:56,5,0,0
BRDA:56,5,1,0
BRDA:62,6,0,0
BRDA:62,6,1,0
BRDA:64,7,0,0
BRDA:64,7,1,0
BRDA:65,8,0,0
BRDA:65,8,1,0
BRDA:67,9,0,0
BRDA:67,9,1,0
BRDA:188,10,0,0
BRDA:188,10,1,0
BRDA:191,11,0,0
BRDA:191,11,1,0
BRDA:198,12,0,0
BRDA:198,12,1,0
BRF:26
BRH:0
end_of_record
TN:
SF:src/components/EmbeddedChatbot.tsx
FN:24,(anonymous_0)
FN:39,(anonymous_1)
FN:60,(anonymous_2)
FN:65,(anonymous_3)
FN:69,(anonymous_4)
FN:76,(anonymous_5)
FN:81,(anonymous_6)
FN:134,(anonymous_7)
FN:149,(anonymous_8)
FN:171,(anonymous_9)
FN:179,(anonymous_10)
FN:253,(anonymous_11)
FN:345,(anonymous_12)
FN:418,(anonymous_13)
FNF:14
FNH:0
FNDA:0,(anonymous_0)
FNDA:0,(anonymous_1)
FNDA:0,(anonymous_2)
FNDA:0,(anonymous_3)
FNDA:0,(anonymous_4)
FNDA:0,(anonymous_5)
FNDA:0,(anonymous_6)
FNDA:0,(anonymous_7)
FNDA:0,(anonymous_8)
FNDA:0,(anonymous_9)
FNDA:0,(anonymous_10)
FNDA:0,(anonymous_11)
FNDA:0,(anonymous_12)
FNDA:0,(anonymous_13)
DA:24,0
DA:30,0
DA:31,0
DA:32,0
DA:33,0
DA:34,0
DA:35,0
DA:36,0
DA:39,0
DA:40,0
DA:43,0
DA:45,0
DA:46,0
DA:49,0
DA:50,0
DA:51,0
DA:54,0
DA:55,0
DA:58,0
DA:60,0
DA:61,0
DA:62,0
DA:65,0
DA:66,0
DA:69,0
DA:70,0
DA:71,0
DA:72,0
DA:73,0
DA:76,0
DA:78,0
DA:81,0
DA:83,0
DA:131,0
DA:134,0
DA:135,0
DA:136,0
DA:138,0
DA:139,0
DA:141,0
DA:142,0
DA:150,0
DA:151,0
DA:152,0
DA:158,0
DA:163,0
DA:164,0
DA:167,0
DA:171,0
DA:172,0
DA:174,0
DA:175,0
DA:178,0
DA:179,0
DA:180,0
DA:182,0
DA:185,0
DA:188,0
DA:190,0
DA:250,0
DA:253,0
DA:254,0
DA:255,0
DA:256,0
DA:259,0
DA:260,0
DA:315,0
DA:345,0
DA:419,0
DA:420,0
DA:421,0
DA:422,0
DA:423,0
LF:73
LH:0
BRDA:45,0,0,0
BRDA:45,0,1,0
BRDA:49,1,0,0
BRDA:49,1,1,0
BRDA:55,2,0,0
BRDA:55,2,1,0
BRDA:138,3,0,0
BRDA:138,3,1,0
BRDA:141,4,0,0
BRDA:141,4,1,0
BRDA:141,5,0,0
BRDA:141,5,1,0
BRDA:141,5,2,0
BRDA:163,6,0,0
BRDA:163,6,1,0
BRDA:174,7,0,0
BRDA:174,7,1,0
BRDA:178,8,0,0
BRDA:178,8,1,0
BRDA:185,9,0,0
BRDA:185,9,1,0
BRDA:259,10,0,0
BRDA:259,10,1,0
BRDA:334,11,0,0
BRDA:334,11,1,0
BRDA:336,12,0,0
BRDA:336,12,1,0
BRDA:362,13,0,0
BRDA:362,13,1,0
BRDA:362,13,2,0
BRDA:379,14,0,0
BRDA:379,14,1,0
BRDA:421,15,0,0
BRDA:421,15,1,0
BRDA:429,16,0,0
BRDA:429,16,1,0
BRDA:429,16,2,0
BRF:37
BRH:0
end_of_record
TN:
SF:src/components/MealTracker.tsx
FN:25,(anonymous_0)
FN:47,(anonymous_1)
FN:57,(anonymous_2)
FN:67,(anonymous_3)
FN:75,(anonymous_4)
FN:92,(anonymous_5)
FN:208,(anonymous_6)
FN:211,(anonymous_7)
FN:244,(anonymous_8)
FN:272,(anonymous_9)
FN:293,(anonymous_10)
FN:317,(anonymous_11)
FNF:12
FNH:0
FNDA:0,(anonymous_0)
FNDA:0,(anonymous_1)
FNDA:0,(anonymous_2)
FNDA:0,(anonymous_3)
FNDA:0,(anonymous_4)
FNDA:0,(anonymous_5)
FNDA:0,(anonymous_6)
FNDA:0,(anonymous_7)
FNDA:0,(anonymous_8)
FNDA:0,(anonymous_9)
FNDA:0,(anonymous_10)
FNDA:0,(anonymous_11)
DA:25,0
DA:32,0
DA:34,0
DA:41,0
DA:43,0
DA:44,0
DA:47,0
DA:48,0
DA:52,0
DA:53,0
DA:54,0
DA:55,0
DA:57,0
DA:58,0
DA:59,0
DA:61,0
DA:62,0
DA:64,0
DA:67,0
DA:68,0
DA:75,0
DA:76,0
DA:78,0
DA:80,0
DA:82,0
DA:84,0
DA:86,0
DA:88,0
DA:92,0
DA:93,0
DA:94,0
DA:96,0
DA:97,0
DA:98,0
DA:99,0
DA:100,0
DA:102,0
DA:104,0
DA:105,0
DA:108,0
DA:109,0
DA:110,0
DA:111,0
DA:112,0
DA:113,0
DA:115,0
DA:120,0
DA:211,0
DA:245,0
DA:272,0
DA:293,0
DA:317,0
LF:52
LH:0
BRDA:59,0,0,0
BRDA:59,0,1,0
BRDA:78,1,0,0
BRDA:78,1,1,0
BRDA:78,1,2,0
BRDA:78,1,3,0
BRDA:78,1,4,0
BRDA:96,2,0,0
BRDA:96,2,1,0
BRDA:97,3,0,0
BRDA:97,3,1,0
BRDA:99,4,0,0
BRDA:99,4,1,0
BRDA:104,5,0,0
BRDA:104,5,1,0
BRDA:108,6,0,0
BRDA:108,6,1,0
BRDA:110,7,0,0
BRDA:110,7,1,0
BRDA:112,8,0,0
BRDA:112,8,1,0
BRDA:133,9,0,0
BRDA:133,9,1,0
BRDA:144,10,0,0
BRDA:144,10,1,0
BRDA:162,11,0,0
BRDA:162,11,1,0
BRDA:202,12,0,0
BRDA:202,12,1,0
BRDA:222,13,0,0
BRDA:222,13,1,0
BRDA:232,14,0,0
BRDA:232,14,1,0
BRDA:257,15,0,0
BRDA:257,15,1,0
BRF:35
BRH:0
end_of_record
TN:
SF:src/components/NutritionModal.tsx
FN:23,(anonymous_0)
FN:33,(anonymous_1)
FN:35,(anonymous_2)
FN:132,(anonymous_3)
FN:155,(anonymous_4)
FN:204,(anonymous_5)
FN:219,(anonymous_6)
FNF:7
FNH:0
FNDA:0,(anonymous_0)
FNDA:0,(anonymous_1)
FNDA:0,(anonymous_2)
FNDA:0,(anonymous_3)
FNDA:0,(anonymous_4)
FNDA:0,(anonymous_5)
FNDA:0,(anonymous_6)
DA:23,0
DA:24,0
DA:25,0
DA:27,0
DA:29,0
DA:33,0
DA:35,0
DA:36,0
DA:37,0
DA:39,0
DA:40,0
DA:41,0
DA:42,0
DA:43,0
DA:45,0
DA:47,0
DA:48,0
DA:51,0
DA:52,0
DA:53,0
DA:54,0
DA:55,0
DA:56,0
DA:58,0
DA:65,0
DA:133,0
DA:156,0
DA:204,0
DA:219,0
LF:29
LH:0
BRDA:27,0,0,0
BRDA:27,0,1,0
BRDA:33,1,0,0
BRDA:33,1,1,0
BRDA:39,2,0,0
BRDA:39,2,1,0
BRDA:40,3,0,0
BRDA:40,3,1,0
BRDA:42,4,0,0
BRDA:42,4,1,0
BRDA:47,5,0,0
BRDA:47,5,1,0
BRDA:51,6,0,0
BRDA:51,6,1,0
BRDA:53,7,0,0
BRDA:53,7,1,0
BRDA:55,8,0,0
BRDA:55,8,1,0
BRDA:58,9,0,0
BRDA:58,9,1,0
BRDA:117,10,0,0
BRDA:117,10,1,0
BRDA:121,11,0,0
BRDA:121,11,1,0
BRDA:128,12,0,0
BRDA:128,12,1,0
BRDA:137,13,0,0
BRDA:137,13,1,0
BRDA:151,14,0,0
BRDA:151,14,1,0
BRDA:151,14,2,0
BRDA:174,15,0,0
BRDA:174,15,1,0
BRDA:175,16,0,0
BRDA:175,16,1,0
BRDA:176,17,0,0
BRDA:176,17,1,0
BRDA:177,18,0,0
BRDA:177,18,1,0
BRDA:183,19,0,0
BRDA:183,19,1,0
BRDA:201,20,0,0
BRDA:201,20,1,0
BRF:43
BRH:0
end_of_record
TN:
SF:src/components/PaywallModal.tsx
FN:24,(anonymous_0)
FN:41,(anonymous_1)
FN:78,(anonymous_2)
FN:98,(anonymous_3)
FN:118,(anonymous_4)
FN:122,(anonymous_5)
FN:215,(anonymous_6)
FN:251,(anonymous_7)
FN:281,(anonymous_8)
FN:321,(anonymous_9)
FNF:10
FNH:0
FNDA:0,(anonymous_0)
FNDA:0,(anonymous_1)
FNDA:0,(anonymous_2)
FNDA:0,(anonymous_3)
FNDA:0,(anonymous_4)
FNDA:0,(anonymous_5)
FNDA:0,(anonymous_6)
FNDA:0,(anonymous_7)
FNDA:0,(anonymous_8)
FNDA:0,(anonymous_9)
DA:24,0
DA:25,0
DA:26,0
DA:27,0
DA:38,0
DA:41,0
DA:42,0
DA:44,0
DA:45,0
DA:52,0
DA:59,0
DA:60,0
DA:67,0
DA:76,0
DA:78,0
DA:79,0
DA:80,0
DA:81,0
DA:82,0
DA:83,0
DA:89,0
DA:92,0
DA:94,0
DA:98,0
DA:99,0
DA:100,0
DA:101,0
DA:102,0
DA:103,0
DA:109,0
DA:112,0
DA:114,0
DA:118,0
DA:119,0
DA:122,0
DA:123,0
DA:126,0
DA:164,0
DA:216,0
DA:251,0
DA:281,0
DA:321,0
LF:42
LH:0
BRDA:42,0,0,0
BRDA:42,0,1,0
BRDA:42,0,2,0
BRDA:42,0,3,0
BRDA:82,1,0,0
BRDA:82,1,1,0
BRDA:102,2,0,0
BRDA:102,2,1,0
BRDA:176,3,0,0
BRDA:176,3,1,0
BRDA:177,4,0,0
BRDA:177,4,1,0
BRDA:178,5,0,0
BRDA:178,5,1,0
BRDA:254,6,0,0
BRDA:254,6,1,0
BRDA:284,7,0,0
BRDA:284,7,1,0
BRDA:325,8,0,0
BRDA:325,8,1,0
BRDA:328,9,0,0
BRDA:328,9,1,0
BRF:22
BRH:0
end_of_record
TN:
SF:src/components/PortionSelector.tsx
FN:21,(anonymous_0)
FN:38,(anonymous_1)
FN:45,(anonymous_2)
FN:51,(anonymous_3)
FN:142,(anonymous_4)
FNF:5
FNH:0
FNDA:0,(anonymous_0)
FNDA:0,(anonymous_1)
FNDA:0,(anonymous_2)
FNDA:0,(anonymous_3)
FNDA:0,(anonymous_4)
DA:21,0
DA:27,0
DA:28,0
DA:29,0
DA:31,0
DA:33,0
DA:34,0
DA:35,0
DA:36,0
DA:38,0
DA:39,0
DA:40,0
DA:41,0
DA:45,0
DA:46,0
DA:48,0
DA:52,0
DA:53,0
DA:75,0
DA:142,0
LF:20
LH:0
BRDA:33,0,0,0
BRDA:33,0,1,0
BRDA:33,1,0,0
BRDA:33,1,1,0
BRDA:36,2,0,0
BRDA:36,2,1,0
BRDA:39,3,0,0
BRDA:39,3,1,0
BRDA:39,4,0,0
BRDA:39,4,1,0
BRDA:46,5,0,0
BRDA:46,5,1,0
BRDA:57,6,0,0
BRDA:57,6,1,0
BRDA:64,7,0,0
BRDA:64,7,1,0
BRDA:66,8,0,0
BRDA:66,8,1,0
BRDA:69,9,0,0
BRDA:69,9,1,0
BRDA:119,10,0,0
BRDA:119,10,1,0
BRDA:150,11,0,0
BRDA:150,11,1,0
BRDA:183,12,0,0
BRDA:183,12,1,0
BRDA:192,13,0,0
BRDA:192,13,1,0
BRDA:206,14,0,0
BRDA:206,14,1,0
BRDA:213,15,0,0
BRDA:213,15,1,0
BRF:32
BRH:0
end_of_record
TN:
SF:src/components/PremiumGate.tsx
FN:20,(anonymous_0)
FN:45,(anonymous_1)
FN:59,(anonymous_2)
FN:73,(anonymous_3)
FN:141,(anonymous_4)
FN:152,(anonymous_5)
FN:253,(anonymous_6)
FN:274,(anonymous_7)
FNF:8
FNH:0
FNDA:0,(anonymous_0)
FNDA:0,(anonymous_1)
FNDA:0,(anonymous_2)
FNDA:0,(anonymous_3)
FNDA:0,(anonymous_4)
FNDA:0,(anonymous_5)
FNDA:0,(anonymous_6)
FNDA:0,(anonymous_7)
DA:20,0
DA:27,0
DA:37,0
DA:40,0
DA:41,0
DA:45,0
DA:46,0
DA:48,0
DA:50,0
DA:52,0
DA:54,0
DA:59,0
DA:60,0
DA:62,0
DA:64,0
DA:66,0
DA:68,0
DA:73,0
DA:74,0
DA:76,0
DA:78,0
DA:88,0
DA:98,0
DA:108,0
DA:118,0
DA:119,0
DA:122,0
DA:123,0
DA:141,0
DA:152,0
DA:160,0
DA:161,0
DA:165,0
DA:253,0
DA:274,0
LF:35
LH:0
BRDA:23,0,0,0
BRDA:24,1,0,0
BRDA:40,2,0,0
BRDA:40,2,1,0
BRDA:46,3,0,0
BRDA:46,3,1,0
BRDA:46,3,2,0
BRDA:46,3,3,0
BRDA:60,4,0,0
BRDA:60,4,1,0
BRDA:60,4,2,0
BRDA:60,4,3,0
BRDA:76,5,0,0
BRDA:76,5,1,0
BRDA:76,5,2,0
BRDA:76,5,3,0
BRDA:80,6,0,0
BRDA:80,6,1,0
BRDA:81,7,0,0
BRDA:81,7,1,0
BRDA:90,8,0,0
BRDA:90,8,1,0
BRDA:91,9,0,0
BRDA:91,9,1,0
BRDA:100,10,0,0
BRDA:100,10,1,0
BRDA:101,11,0,0
BRDA:101,11,1,0
BRDA:122,12,0,0
BRDA:122,12,1,0
BRDA:122,13,0,0
BRDA:122,13,1,0
BRDA:137,14,0,0
BRDA:137,14,1,0
BRDA:160,15,0,0
BRDA:160,15,1,0
BRDA:171,16,0,0
BRDA:171,16,1,0
BRDA:172,17,0,0
BRDA:172,17,1,0
BRDA:173,18,0,0
BRDA:173,18,1,0
BRDA:179,19,0,0
BRDA:179,19,1,0
BRDA:180,20,0,0
BRDA:180,20,1,0
BRDA:193,21,0,0
BRDA:193,21,1,0
BRDA:201,22,0,0
BRDA:201,22,1,0
BRDA:217,23,0,0
BRDA:217,23,1,0
BRDA:233,24,0,0
BRDA:233,24,1,0
BRDA:256,25,0,0
BRDA:256,25,1,0
BRDA:257,26,0,0
BRDA:257,26,1,0
BRDA:258,27,0,0
BRDA:258,27,1,0
BRF:60
BRH:0
end_of_record
TN:
SF:src/components/SystemPromptTester.tsx
FN:19,(anonymous_0)
FN:33,(anonymous_1)
FN:39,(anonymous_2)
FN:46,(anonymous_3)
FN:169,(anonymous_4)
FN:172,(anonymous_5)
FN:193,(anonymous_6)
FN:196,(anonymous_7)
FN:217,(anonymous_8)
FN:220,(anonymous_9)
FNF:10
FNH:0
FNDA:0,(anonymous_0)
FNDA:0,(anonymous_1)
FNDA:0,(anonymous_2)
FNDA:0,(anonymous_3)
FNDA:0,(anonymous_4)
FNDA:0,(anonymous_5)
FNDA:0,(anonymous_6)
FNDA:0,(anonymous_7)
FNDA:0,(anonymous_8)
FNDA:0,(anonymous_9)
DA:19,0
DA:20,0
DA:27,0
DA:29,0
DA:30,0
DA:31,0
DA:33,0
DA:34,0
DA:35,0
DA:36,0
DA:39,0
DA:40,0
DA:41,0
DA:42,0
DA:46,0
DA:48,0
DA:49,0
DA:50,0
DA:53,0
DA:64,0
DA:67,0
DA:69,0
DA:70,0
DA:72,0
DA:73,0
DA:75,0
DA:76,0
DA:78,0
DA:79,0
DA:83,0
DA:84,0
DA:86,0
DA:87,0
DA:89,0
DA:90,0
DA:92,0
DA:93,0
DA:98,0
DA:100,0
DA:101,0
DA:103,0
DA:104,0
DA:106,0
DA:107,0
DA:110,0
DA:112,0
DA:115,0
DA:170,0
DA:172,0
DA:194,0
DA:196,0
DA:218,0
DA:220,0
LF:53
LH:0
BRDA:67,0,0,0
BRDA:67,0,1,0
BRDA:67,0,2,0
BRDA:67,0,3,0
BRDA:83,1,0,0
BRDA:83,1,1,0
BRDA:84,2,0,0
BRDA:84,2,1,0
BRDA:84,2,2,0
BRDA:98,3,0,0
BRDA:98,3,1,0
BRDA:98,3,2,0
BRDA:156,4,0,0
BRDA:156,4,1,0
BRDA:174,5,0,0
BRDA:174,5,1,0
BRDA:180,6,0,0
BRDA:180,6,1,0
BRDA:195,7,0,0
BRDA:195,7,1,0
BRDA:198,8,0,0
BRDA:198,8,1,0
BRDA:204,9,0,0
BRDA:204,9,1,0
BRDA:206,10,0,0
BRDA:206,10,1,0
BRDA:222,11,0,0
BRDA:222,11,1,0
BRDA:228,12,0,0
BRDA:228,12,1,0
BRF:30
BRH:0
end_of_record
TN:
SF:src/components/TrackingProgress.tsx
FN:20,(anonymous_0)
FN:30,(anonymous_1)
FN:42,(anonymous_2)
FN:54,(anonymous_3)
FN:56,(anonymous_4)
FN:68,(anonymous_5)
FN:142,(anonymous_6)
FNF:7
FNH:0
FNDA:0,(anonymous_0)
FNDA:0,(anonymous_1)
FNDA:0,(anonymous_2)
FNDA:0,(anonymous_3)
FNDA:0,(anonymous_4)
FNDA:0,(anonymous_5)
FNDA:0,(anonymous_6)
DA:20,0
DA:21,0
DA:22,0
DA:24,0
DA:25,0
DA:26,0
DA:27,0
DA:30,0
DA:31,0
DA:32,0
DA:34,0
DA:35,0
DA:36,0
DA:37,0
DA:39,0
DA:40,0
DA:42,0
DA:43,0
DA:50,0
DA:53,0
DA:54,0
DA:56,0
DA:57,0
DA:58,0
DA:59,0
DA:60,0
DA:62,0
DA:63,0
DA:65,0
DA:68,0
DA:69,0
DA:71,0
DA:72,0
DA:73,0
DA:74,0
DA:76,0
DA:77,0
DA:78,0
DA:79,0
DA:80,0
DA:81,0
DA:83,0
DA:88,0
DA:143,0
DA:144,0
DA:146,0
LF:46
LH:0
BRDA:20,0,0,0
BRDA:20,1,0,0
BRDA:39,2,0,0
BRDA:39,2,1,0
BRDA:45,3,0,0
BRDA:45,3,1,0
BRDA:62,4,0,0
BRDA:62,4,1,0
BRDA:63,5,0,0
BRDA:63,5,1,0
BRDA:71,6,0,0
BRDA:71,6,1,0
BRDA:73,7,0,0
BRDA:73,7,1,0
BRDA:76,8,0,0
BRDA:76,8,1,0
BRDA:78,9,0,0
BRDA:78,9,1,0
BRDA:80,10,0,0
BRDA:80,10,1,0
BRDA:103,11,0,0
BRDA:103,11,1,0
BRDA:109,12,0,0
BRDA:109,12,1,0
BRDA:109,12,2,0
BRDA:128,13,0,0
BRDA:128,13,1,0
BRDA:143,14,0,0
BRDA:143,14,1,0
BRDA:152,15,0,0
BRDA:152,15,1,0
BRDA:167,16,0,0
BRDA:167,16,1,0
BRDA:174,17,0,0
BRDA:174,17,1,0
BRDA:187,18,0,0
BRDA:187,18,1,0
BRDA:194,19,0,0
BRDA:194,19,1,0
BRDA:206,20,0,0
BRDA:206,20,1,0
BRF:41
BRH:0
end_of_record
TN:
SF:src/screens/OracleScreen.tsx
FN:29,(anonymous_0)
FN:46,(anonymous_1)
FN:62,(anonymous_2)
FN:99,(anonymous_3)
FN:102,(anonymous_4)
FN:109,(anonymous_5)
FN:112,(anonymous_6)
FN:123,(anonymous_7)
FN:156,(anonymous_8)
FN:185,(anonymous_9)
FN:192,(anonymous_10)
FN:247,(anonymous_11)
FN:355,(anonymous_12)
FN:375,(anonymous_13)
FN:378,(anonymous_14)
FNF:15
FNH:0
FNDA:0,(anonymous_0)
FNDA:0,(anonymous_1)
FNDA:0,(anonymous_2)
FNDA:0,(anonymous_3)
FNDA:0,(anonymous_4)
FNDA:0,(anonymous_5)
FNDA:0,(anonymous_6)
FNDA:0,(anonymous_7)
FNDA:0,(anonymous_8)
FNDA:0,(anonymous_9)
FNDA:0,(anonymous_10)
FNDA:0,(anonymous_11)
FNDA:0,(anonymous_12)
FNDA:0,(anonymous_13)
FNDA:0,(anonymous_14)
DA:29,0
DA:30,0
DA:31,0
DA:32,0
DA:33,0
DA:35,0
DA:36,0
DA:37,0
DA:43,0
DA:46,0
DA:47,0
DA:49,0
DA:51,0
DA:53,0
DA:55,0
DA:57,0
DA:62,0
DA:63,0
DA:65,0
DA:67,0
DA:74,0
DA:81,0
DA:88,0
DA:95,0
DA:99,0
DA:100,0
DA:102,0
DA:103,0
DA:109,0
DA:110,0
DA:112,0
DA:113,0
DA:116,0
DA:117,0
DA:118,0
DA:123,0
DA:124,0
DA:126,0
DA:127,0
DA:131,0
DA:132,0
DA:133,0
DA:134,0
DA:138,0
DA:141,0
DA:143,0
DA:144,0
DA:146,0
DA:147,0
DA:148,0
DA:150,0
DA:151,0
DA:156,0
DA:157,0
DA:160,0
DA:161,0
DA:165,0
DA:166,0
DA:167,0
DA:168,0
DA:173,0
DA:175,0
DA:176,0
DA:177,0
DA:178,0
DA:180,0
DA:181,0
DA:185,0
DA:186,0
DA:192,0
DA:193,0
DA:195,0
DA:247,0
DA:249,0
DA:251,0
DA:264,0
DA:355,0
DA:376,0
DA:378,0
LF:79
LH:0
BRDA:47,0,0,0
BRDA:47,0,1,0
BRDA:47,0,2,0
BRDA:47,0,3,0
BRDA:47,0,4,0
BRDA:65,1,0,0
BRDA:65,1,1,0
BRDA:65,1,2,0
BRDA:65,1,3,0
BRDA:65,1,4,0
BRDA:100,2,0,0
BRDA:100,2,1,0
BRDA:100,3,0,0
BRDA:100,3,1,0
BRDA:110,4,0,0
BRDA:110,4,1,0
BRDA:110,5,0,0
BRDA:110,5,1,0
BRDA:110,5,2,0
BRDA:110,5,3,0
BRDA:113,6,0,0
BRDA:113,6,1,0
BRDA:116,7,0,0
BRDA:116,7,1,0
BRDA:124,8,0,0
BRDA:124,8,1,0
BRDA:124,9,0,0
BRDA:124,9,1,0
BRDA:126,10,0,0
BRDA:126,10,1,0
BRDA:131,11,0,0
BRDA:131,11,1,0
BRDA:133,12,0,0
BRDA:133,12,1,0
BRDA:157,13,0,0
BRDA:157,13,1,0
BRDA:160,14,0,0
BRDA:160,14,1,0
BRDA:165,15,0,0
BRDA:165,15,1,0
BRDA:167,16,0,0
BRDA:167,16,1,0
BRDA:200,17,0,0
BRDA:200,17,1,0
BRDA:206,18,0,0
BRDA:206,18,1,0
BRDA:209,19,0,0
BRDA:209,19,1,0
BRDA:212,20,0,0
BRDA:212,20,1,0
BRDA:222,21,0,0
BRDA:222,21,1,0
BRDA:226,22,0,0
BRDA:226,22,1,0
BRDA:236,23,0,0
BRDA:236,23,1,0
BRDA:249,24,0,0
BRDA:249,24,1,0
BRDA:249,25,0,0
BRDA:249,25,1,0
BRDA:273,26,0,0
BRDA:273,26,1,0
BRDA:289,27,0,0
BRDA:289,27,1,0
BRDA:291,28,0,0
BRDA:291,28,1,0
BRDA:360,29,0,0
BRDA:360,29,1,0
BRDA:360,29,2,0
BRDA:363,30,0,0
BRDA:363,30,1,0
BRDA:366,31,0,0
BRDA:366,31,1,0
BRDA:369,32,0,0
BRDA:369,32,1,0
BRDA:372,33,0,0
BRDA:372,33,1,0
BRDA:408,34,0,0
BRDA:408,34,1,0
BRDA:426,35,0,0
BRDA:426,35,1,0
BRDA:433,36,0,0
BRDA:433,36,1,0
BRDA:433,37,0,0
BRDA:433,37,1,0
BRDA:436,38,0,0
BRDA:436,38,1,0
BRDA:442,39,0,0
BRDA:442,39,1,0
BRF:89
BRH:0
end_of_record
TN:
SF:src/screens/OxalateTableScreen.tsx
FN:34,(anonymous_0)
FN:68,(anonymous_1)
FN:73,(anonymous_2)
FN:78,(anonymous_3)
FN:88,(anonymous_4)
FN:89,(anonymous_5)
FN:94,(anonymous_6)
FN:95,(anonymous_7)
FN:105,(anonymous_8)
FN:111,(anonymous_9)
FN:116,(anonymous_10)
FN:120,(anonymous_11)
FN:124,(anonymous_12)
FN:130,(anonymous_13)
FN:139,(anonymous_14)
FN:156,(anonymous_15)
FN:187,(anonymous_16)
FN:245,(anonymous_17)
FN:263,(anonymous_18)
FN:274,(anonymous_19)
FN:281,(anonymous_20)
FN:295,(anonymous_21)
FN:302,(anonymous_22)
FN:306,(anonymous_23)
FN:316,(anonymous_24)
FN:318,(anonymous_25)
FN:319,(anonymous_26)
FN:321,(anonymous_27)
FN:324,(anonymous_28)
FN:329,(anonymous_29)
FN:337,(anonymous_30)
FN:361,(anonymous_31)
FN:368,(anonymous_32)
FN:434,(anonymous_33)
FN:440,(anonymous_34)
FN:476,(anonymous_35)
FN:482,(anonymous_36)
FN:496,(anonymous_37)
FN:527,(anonymous_38)
FN:537,(anonymous_39)
FN:552,(anonymous_40)
FN:579,(anonymous_41)
FN:605,(anonymous_42)
FN:635,(anonymous_43)
FN:640,(anonymous_44)
FN:656,(anonymous_45)
FN:688,(anonymous_46)
FN:694,(anonymous_47)
FN:728,(anonymous_48)
FN:729,(anonymous_49)
FN:738,(anonymous_50)
FN:739,(anonymous_51)
FN:743,(anonymous_52)
FN:755,(anonymous_53)
FN:760,(anonymous_54)
FN:768,(anonymous_55)
FN:771,(anonymous_56)
FN:772,(anonymous_57)
FN:782,(anonymous_58)
FN:788,(anonymous_59)
FNF:60
FNH:0
FNDA:0,(anonymous_0)
FNDA:0,(anonymous_1)
FNDA:0,(anonymous_2)
FNDA:0,(anonymous_3)
FNDA:0,(anonymous_4)
FNDA:0,(anonymous_5)
FNDA:0,(anonymous_6)
FNDA:0,(anonymous_7)
FNDA:0,(anonymous_8)
FNDA:0,(anonymous_9)
FNDA:0,(anonymous_10)
FNDA:0,(anonymous_11)
FNDA:0,(anonymous_12)
FNDA:0,(anonymous_13)
FNDA:0,(anonymous_14)
FNDA:0,(anonymous_15)
FNDA:0,(anonymous_16)
FNDA:0,(anonymous_17)
FNDA:0,(anonymous_18)
FNDA:0,(anonymous_19)
FNDA:0,(anonymous_20)
FNDA:0,(anonymous_21)
FNDA:0,(anonymous_22)
FNDA:0,(anonymous_23)
FNDA:0,(anonymous_24)
FNDA:0,(anonymous_25)
FNDA:0,(anonymous_26)
FNDA:0,(anonymous_27)
FNDA:0,(anonymous_28)
FNDA:0,(anonymous_29)
FNDA:0,(anonymous_30)
FNDA:0,(anonymous_31)
FNDA:0,(anonymous_32)
FNDA:0,(anonymous_33)
FNDA:0,(anonymous_34)
FNDA:0,(anonymous_35)
FNDA:0,(anonymous_36)
FNDA:0,(anonymous_37)
FNDA:0,(anonymous_38)
FNDA:0,(anonymous_39)
FNDA:0,(anonymous_40)
FNDA:0,(anonymous_41)
FNDA:0,(anonymous_42)
FNDA:0,(anonymous_43)
FNDA:0,(anonymous_44)
FNDA:0,(anonymous_45)
FNDA:0,(anonymous_46)
FNDA:0,(anonymous_47)
FNDA:0,(anonymous_48)
FNDA:0,(anonymous_49)
FNDA:0,(anonymous_50)
FNDA:0,(anonymous_51)
FNDA:0,(anonymous_52)
FNDA:0,(anonymous_53)
FNDA:0,(anonymous_54)
FNDA:0,(anonymous_55)
FNDA:0,(anonymous_56)
FNDA:0,(anonymous_57)
FNDA:0,(anonymous_58)
FNDA:0,(anonymous_59)
DA:34,0
DA:35,0
DA:36,0
DA:37,0
DA:38,0
DA:39,0
DA:40,0
DA:41,0
DA:42,0
DA:43,0
DA:44,0
DA:45,0
DA:47,0
DA:61,0
DA:63,0
DA:64,0
DA:65,0
DA:66,0
DA:68,0
DA:69,0
DA:70,0
DA:73,0
DA:74,0
DA:75,0
DA:78,0
DA:79,0
DA:81,0
DA:82,0
DA:85,0
DA:89,0
DA:95,0
DA:96,0
DA:97,0
DA:105,0
DA:106,0
DA:107,0
DA:108,0
DA:111,0
DA:113,0
DA:116,0
DA:118,0
DA:120,0
DA:124,0
DA:125,0
DA:128,0
DA:130,0
DA:131,0
DA:132,0
DA:133,0
DA:134,0
DA:135,0
DA:139,0
DA:140,0
DA:141,0
DA:142,0
DA:143,0
DA:144,0
DA:145,0
DA:146,0
DA:147,0
DA:148,0
DA:149,0
DA:150,0
DA:151,0
DA:156,0
DA:157,0
DA:158,0
DA:160,0
DA:162,0
DA:163,0
DA:164,0
DA:165,0
DA:168,0
DA:169,0
DA:170,0
DA:171,0
DA:174,0
DA:175,0
DA:176,0
DA:177,0
DA:180,0
DA:183,0
DA:187,0
DA:188,0
DA:189,0
DA:191,0
DA:193,0
DA:201,0
DA:209,0
DA:217,0
DA:225,0
DA:233,0
DA:241,0
DA:245,0
DA:246,0
DA:248,0
DA:250,0
DA:252,0
DA:254,0
DA:256,0
DA:258,0
DA:263,0
DA:264,0
DA:265,0
DA:269,0
DA:272,0
DA:273,0
DA:274,0
DA:275,0
DA:281,0
DA:282,0
DA:284,0
DA:286,0
DA:289,0
DA:294,0
DA:295,0
DA:298,0
DA:302,0
DA:303,0
DA:305,0
DA:306,0
DA:307,0
DA:308,0
DA:309,0
DA:311,0
DA:315,0
DA:316,0
DA:318,0
DA:319,0
DA:321,0
DA:324,0
DA:325,0
DA:326,0
DA:329,0
DA:330,0
DA:331,0
DA:332,0
DA:334,0
DA:337,0
DA:361,0
DA:362,0
DA:363,0
DA:364,0
DA:366,0
DA:368,0
DA:434,0
DA:440,0
DA:476,0
DA:477,0
DA:482,0
DA:496,0
DA:513,0
DA:527,0
DA:537,0
DA:552,0
DA:579,0
DA:605,0
DA:635,0
DA:641,0
DA:658,0
DA:659,0
DA:660,0
DA:688,0
DA:696,0
DA:697,0
DA:698,0
DA:728,0
DA:730,0
DA:731,0
DA:738,0
DA:740,0
DA:741,0
DA:745,0
DA:746,0
DA:747,0
DA:756,0
DA:757,0
DA:760,0
DA:768,0
DA:771,0
DA:773,0
DA:774,0
DA:782,0
DA:788,0
LF:184
LH:0
BRDA:131,0,0,0
BRDA:131,0,1,0
BRDA:131,0,2,0
BRDA:131,0,3,0
BRDA:140,1,0,0
BRDA:140,1,1,0
BRDA:140,1,2,0
BRDA:140,1,3,0
BRDA:140,1,4,0
BRDA:140,1,5,0
BRDA:140,1,6,0
BRDA:140,1,7,0
BRDA:140,1,8,0
BRDA:140,1,9,0
BRDA:140,1,10,0
BRDA:160,2,0,0
BRDA:160,2,1,0
BRDA:160,2,2,0
BRDA:160,2,3,0
BRDA:160,2,4,0
BRDA:162,3,0,0
BRDA:162,3,1,0
BRDA:163,4,0,0
BRDA:163,4,1,0
BRDA:164,5,0,0
BRDA:164,5,1,0
BRDA:168,6,0,0
BRDA:168,6,1,0
BRDA:169,7,0,0
BRDA:169,7,1,0
BRDA:170,8,0,0
BRDA:170,8,1,0
BRDA:174,9,0,0
BRDA:174,9,1,0
BRDA:175,10,0,0
BRDA:175,10,1,0
BRDA:176,11,0,0
BRDA:176,11,1,0
BRDA:191,12,0,0
BRDA:191,12,1,0
BRDA:191,12,2,0
BRDA:191,12,3,0
BRDA:191,12,4,0
BRDA:191,12,5,0
BRDA:191,12,6,0
BRDA:195,13,0,0
BRDA:195,13,1,0
BRDA:202,14,0,0
BRDA:202,14,1,0
BRDA:248,15,0,0
BRDA:248,15,1,0
BRDA:248,15,2,0
BRDA:248,15,3,0
BRDA:248,15,4,0
BRDA:264,16,0,0
BRDA:264,16,1,0
BRDA:272,17,0,0
BRDA:272,17,1,0
BRDA:275,18,0,0
BRDA:275,18,1,0
BRDA:275,18,2,0
BRDA:284,19,0,0
BRDA:284,19,1,0
BRDA:286,20,0,0
BRDA:286,20,1,0
BRDA:286,20,2,0
BRDA:289,21,0,0
BRDA:289,21,1,0
BRDA:294,22,0,0
BRDA:294,22,1,0
BRDA:303,23,0,0
BRDA:303,23,1,0
BRDA:307,24,0,0
BRDA:307,24,1,0
BRDA:308,25,0,0
BRDA:308,25,1,0
BRDA:325,26,0,0
BRDA:325,26,1,0
BRDA:326,27,0,0
BRDA:326,27,1,0
BRDA:337,28,0,0
BRDA:337,28,1,0
BRDA:341,29,0,0
BRDA:341,29,1,0
BRDA:341,30,0,0
BRDA:341,30,1,0
BRDA:343,31,0,0
BRDA:343,31,1,0
BRDA:343,32,0,0
BRDA:343,32,1,0
BRDA:348,33,0,0
BRDA:348,33,1,0
BRDA:353,34,0,0
BRDA:353,34,1,0
BRDA:353,35,0,0
BRDA:353,35,1,0
BRDA:397,36,0,0
BRDA:397,36,1,0
BRDA:416,37,0,0
BRDA:416,37,1,0
BRDA:419,38,0,0
BRDA:419,38,1,0
BRDA:424,39,0,0
BRDA:424,39,1,0
BRDA:426,40,0,0
BRDA:426,40,1,0
BRDA:426,41,0,0
BRDA:426,41,1,0
BRDA:520,42,0,0
BRDA:520,42,1,0
BRDA:521,43,0,0
BRDA:521,43,1,0
BRDA:522,44,0,0
BRDA:522,44,1,0
BRDA:551,45,0,0
BRDA:551,45,1,0
BRDA:561,46,0,0
BRDA:561,46,1,0
BRDA:572,47,0,0
BRDA:572,47,1,0
BRDA:577,48,0,0
BRDA:577,48,1,0
BRDA:582,49,0,0
BRDA:582,49,1,0
BRDA:590,50,0,0
BRDA:590,50,1,0
BRDA:595,51,0,0
BRDA:595,51,1,0
BRDA:598,52,0,0
BRDA:598,52,1,0
BRDA:609,53,0,0
BRDA:609,53,1,0
BRDA:614,54,0,0
BRDA:614,54,1,0
BRDA:621,55,0,0
BRDA:621,55,1,0
BRDA:626,56,0,0
BRDA:626,56,1,0
BRDA:658,57,0,0
BRDA:658,57,1,0
BRDA:669,58,0,0
BRDA:669,58,1,0
BRDA:669,58,2,0
BRDA:696,59,0,0
BRDA:696,59,1,0
BRDA:705,60,0,0
BRDA:705,60,1,0
BRDA:705,60,2,0
BRF:148
BRH:0
end_of_record
TN:
SF:src/screens/RecipeGeneratorScreen.tsx
FN:28,(anonymous_0)
FN:47,(anonymous_1)
FN:76,(anonymous_2)
FN:93,(anonymous_3)
FN:110,(anonymous_4)
FN:121,(anonymous_5)
FN:137,(anonymous_6)
FN:158,(anonymous_7)
FN:168,(anonymous_8)
FN:183,(anonymous_9)
FN:203,(anonymous_10)
FN:206,(anonymous_11)
FN:297,(anonymous_12)
FN:300,(anonymous_13)
FN:323,(anonymous_14)
FN:326,(anonymous_15)
FN:410,(anonymous_16)
FN:443,(anonymous_17)
FN:468,(anonymous_18)
FN:521,(anonymous_19)
FNF:20
FNH:0
FNDA:0,(anonymous_0)
FNDA:0,(anonymous_1)
FNDA:0,(anonymous_2)
FNDA:0,(anonymous_3)
FNDA:0,(anonymous_4)
FNDA:0,(anonymous_5)
FNDA:0,(anonymous_6)
FNDA:0,(anonymous_7)
FNDA:0,(anonymous_8)
FNDA:0,(anonymous_9)
FNDA:0,(anonymous_10)
FNDA:0,(anonymous_11)
FNDA:0,(anonymous_12)
FNDA:0,(anonymous_13)
FNDA:0,(anonymous_14)
FNDA:0,(anonymous_15)
FNDA:0,(anonymous_16)
FNDA:0,(anonymous_17)
FNDA:0,(anonymous_18)
FNDA:0,(anonymous_19)
DA:28,0
DA:29,0
DA:30,0
DA:31,0
DA:32,0
DA:33,0
DA:34,0
DA:35,0
DA:36,0
DA:37,0
DA:38,0
DA:39,0
DA:40,0
DA:41,0
DA:43,0
DA:44,0
DA:45,0
DA:47,0
DA:48,0
DA:50,0
DA:52,0
DA:54,0
DA:60,0
DA:61,0
DA:62,0
DA:64,0
DA:65,0
DA:68,0
DA:77,0
DA:78,0
DA:85,0
DA:93,0
DA:94,0
DA:95,0
DA:96,0
DA:97,0
DA:99,0
DA:100,0
DA:110,0
DA:112,0
DA:114,0
DA:115,0
DA:116,0
DA:119,0
DA:121,0
DA:122,0
DA:125,0
DA:126,0
DA:130,0
DA:131,0
DA:133,0
DA:137,0
DA:138,0
DA:139,0
DA:140,0
DA:143,0
DA:144,0
DA:145,0
DA:147,0
DA:148,0
DA:158,0
DA:160,0
DA:162,0
DA:163,0
DA:164,0
DA:167,0
DA:168,0
DA:169,0
DA:172,0
DA:173,0
DA:176,0
DA:177,0
DA:179,0
DA:183,0
DA:184,0
DA:186,0
DA:187,0
DA:188,0
DA:190,0
DA:195,0
DA:196,0
DA:197,0
DA:199,0
DA:203,0
DA:204,0
DA:206,0
DA:223,0
DA:298,0
DA:300,0
DA:324,0
DA:326,0
DA:410,0
DA:444,0
DA:445,0
DA:446,0
DA:469,0
DA:470,0
DA:471,0
DA:522,0
DA:524,0
DA:525,0
LF:101
LH:0
BRDA:48,0,0,0
BRDA:48,0,1,0
BRDA:61,1,0,0
BRDA:61,1,1,0
BRDA:64,2,0,0
BRDA:64,2,1,0
BRDA:77,3,0,0
BRDA:77,3,1,0
BRDA:106,4,0,0
BRDA:106,4,1,0
BRDA:114,5,0,0
BRDA:114,5,1,0
BRDA:119,6,0,0
BRDA:119,6,1,0
BRDA:125,7,0,0
BRDA:125,7,1,0
BRDA:130,8,0,0
BRDA:130,8,1,0
BRDA:138,9,0,0
BRDA:138,9,1,0
BRDA:151,10,0,0
BRDA:151,10,1,0
BRDA:152,11,0,0
BRDA:152,11,1,0
BRDA:154,12,0,0
BRDA:154,12,1,0
BRDA:162,13,0,0
BRDA:162,13,1,0
BRDA:167,14,0,0
BRDA:167,14,1,0
BRDA:172,15,0,0
BRDA:172,15,1,0
BRDA:176,16,0,0
BRDA:176,16,1,0
BRDA:184,17,0,0
BRDA:184,17,1,0
BRDA:210,18,0,0
BRDA:210,18,1,0
BRDA:256,19,0,0
BRDA:256,19,1,0
BRDA:273,20,0,0
BRDA:273,20,1,0
BRDA:276,21,0,0
BRDA:276,21,1,0
BRDA:300,22,0,0
BRDA:300,22,1,0
BRDA:303,23,0,0
BRDA:303,23,1,0
BRDA:310,24,0,0
BRDA:310,24,1,0
BRDA:326,25,0,0
BRDA:326,25,1,0
BRDA:329,26,0,0
BRDA:329,26,1,0
BRDA:330,27,0,0
BRDA:330,27,1,0
BRDA:331,28,0,0
BRDA:331,28,1,0
BRDA:338,29,0,0
BRDA:338,29,1,0
BRDA:339,30,0,0
BRDA:339,30,1,0
BRDA:340,31,0,0
BRDA:340,31,1,0
BRDA:344,32,0,0
BRDA:344,32,1,0
BRDA:345,33,0,0
BRDA:345,33,1,0
BRDA:381,34,0,0
BRDA:381,34,1,0
BRDA:384,35,0,0
BRDA:384,35,1,0
BRDA:384,36,0,0
BRDA:384,36,1,0
BRDA:389,37,0,0
BRDA:389,37,1,0
BRDA:396,38,0,0
BRDA:396,38,1,0
BRDA:396,39,0,0
BRDA:396,39,1,0
BRDA:398,40,0,0
BRDA:398,40,1,0
BRDA:408,41,0,0
BRDA:408,41,1,0
BRDA:450,42,0,0
BRDA:450,42,1,0
BRDA:455,43,0,0
BRDA:455,43,1,0
BRDA:502,44,0,0
BRDA:502,44,1,0
BRDA:502,44,2,0
BRDA:514,45,0,0
BRDA:514,45,1,0
BRDA:524,46,0,0
BRDA:524,46,1,0
BRF:95
BRH:0
end_of_record
TN:
SF:src/screens/RecipesScreen.tsx
FN:29,(anonymous_0)
FN:60,(anonymous_1)
FN:65,(anonymous_2)
FN:89,(anonymous_3)
FN:106,(anonymous_4)
FN:115,(anonymous_5)
FN:121,(anonymous_6)
FN:129,(anonymous_7)
FN:136,(anonymous_8)
FN:158,(anonymous_9)
FN:165,(anonymous_10)
FN:176,(anonymous_11)
FN:234,(anonymous_12)
FN:300,(anonymous_13)
FN:303,(anonymous_14)
FN:356,(anonymous_15)
FN:374,(anonymous_16)
FN:386,(anonymous_17)
FN:387,(anonymous_18)
FN:400,(anonymous_19)
FN:404,(anonymous_20)
FN:417,(anonymous_21)
FN:421,(anonymous_22)
FN:441,(anonymous_23)
FN:445,(anonymous_24)
FN:476,(anonymous_25)
FN:483,(anonymous_26)
FN:563,(anonymous_27)
FN:583,(anonymous_28)
FN:598,(anonymous_29)
FNF:30
FNH:0
FNDA:0,(anonymous_0)
FNDA:0,(anonymous_1)
FNDA:0,(anonymous_2)
FNDA:0,(anonymous_3)
FNDA:0,(anonymous_4)
FNDA:0,(anonymous_5)
FNDA:0,(anonymous_6)
FNDA:0,(anonymous_7)
FNDA:0,(anonymous_8)
FNDA:0,(anonymous_9)
FNDA:0,(anonymous_10)
FNDA:0,(anonymous_11)
FNDA:0,(anonymous_12)
FNDA:0,(anonymous_13)
FNDA:0,(anonymous_14)
FNDA:0,(anonymous_15)
FNDA:0,(anonymous_16)
FNDA:0,(anonymous_17)
FNDA:0,(anonymous_18)
FNDA:0,(anonymous_19)
FNDA:0,(anonymous_20)
FNDA:0,(anonymous_21)
FNDA:0,(anonymous_22)
FNDA:0,(anonymous_23)
FNDA:0,(anonymous_24)
FNDA:0,(anonymous_25)
FNDA:0,(anonymous_26)
FNDA:0,(anonymous_27)
FNDA:0,(anonymous_28)
FNDA:0,(anonymous_29)
DA:29,0
DA:30,0
DA:31,0
DA:32,0
DA:33,0
DA:34,0
DA:47,0
DA:49,0
DA:50,0
DA:56,0
DA:58,0
DA:60,0
DA:61,0
DA:62,0
DA:65,0
DA:66,0
DA:67,0
DA:73,0
DA:74,0
DA:75,0
DA:77,0
DA:78,0
DA:81,0
DA:90,0
DA:91,0
DA:98,0
DA:106,0
DA:107,0
DA:115,0
DA:121,0
DA:122,0
DA:123,0
DA:124,0
DA:125,0
DA:126,0
DA:129,0
DA:130,0
DA:131,0
DA:133,0
DA:136,0
DA:158,0
DA:165,0
DA:176,0
DA:235,0
DA:249,0
DA:301,0
DA:303,0
DA:357,0
DA:358,0
DA:360,0
DA:386,0
DA:388,0
DA:389,0
DA:390,0
DA:401,0
DA:402,0
DA:405,0
DA:406,0
DA:418,0
DA:419,0
DA:423,0
DA:424,0
DA:441,0
DA:442,0
DA:443,0
DA:445,0
DA:446,0
DA:447,0
DA:448,0
DA:449,0
DA:450,0
DA:453,0
DA:476,0
DA:483,0
DA:564,0
DA:584,0
DA:599,0
LF:77
LH:0
BRDA:74,0,0,0
BRDA:74,0,1,0
BRDA:77,1,0,0
BRDA:77,1,1,0
BRDA:90,2,0,0
BRDA:90,2,1,0
BRDA:122,3,0,0
BRDA:122,3,1,0
BRDA:123,4,0,0
BRDA:123,4,1,0
BRDA:126,5,0,0
BRDA:126,5,1,0
BRDA:149,6,0,0
BRDA:149,6,1,0
BRDA:169,7,0,0
BRDA:169,7,1,0
BRDA:171,8,0,0
BRDA:171,8,1,0
BRDA:209,9,0,0
BRDA:209,9,1,0
BRDA:216,10,0,0
BRDA:216,10,1,0
BRDA:224,11,0,0
BRDA:224,11,1,0
BRDA:232,12,0,0
BRDA:232,12,1,0
BRDA:239,13,0,0
BRDA:239,13,1,0
BRDA:258,14,0,0
BRDA:258,14,1,0
BRDA:272,15,0,0
BRDA:272,15,1,0
BRDA:306,16,0,0
BRDA:306,16,1,0
BRDA:313,17,0,0
BRDA:313,17,1,0
BRDA:315,18,0,0
BRDA:315,18,1,0
BRDA:325,19,0,0
BRDA:325,19,1,0
BRDA:354,20,0,0
BRDA:354,20,1,0
BRDA:357,21,0,0
BRDA:357,21,1,0
BRDA:396,22,0,0
BRDA:396,22,1,0
BRDA:413,23,0,0
BRDA:413,23,1,0
BRDA:446,24,0,0
BRDA:446,24,1,0
BRDA:447,25,0,0
BRDA:447,25,1,0
BRDA:450,26,0,0
BRDA:450,26,1,0
BRDA:450,27,0,0
BRDA:450,27,1,0
BRDA:469,28,0,0
BRDA:469,28,1,0
BRDA:487,29,0,0
BRDA:487,29,1,0
BRDA:489,30,0,0
BRDA:489,30,1,0
BRDA:543,31,0,0
BRDA:543,31,1,0
BRDA:550,32,0,0
BRDA:550,32,1,0
BRDA:571,33,0,0
BRDA:571,33,1,0
BRDA:594,34,0,0
BRDA:594,34,1,0
BRDA:608,35,0,0
BRDA:608,35,1,0
BRF:72
BRH:0
end_of_record
TN:
SF:src/screens/SettingsScreen.tsx
FN:34,(anonymous_0)
FN:62,(anonymous_1)
FN:69,(anonymous_2)
FN:97,(anonymous_3)
FN:108,(anonymous_4)
FN:117,(anonymous_5)
FN:126,(anonymous_6)
FN:166,(anonymous_7)
FN:174,(anonymous_8)
FN:186,(anonymous_9)
FN:264,(anonymous_10)
FN:293,(anonymous_11)
FN:308,(anonymous_12)
FN:311,(anonymous_13)
FN:342,(anonymous_14)
FN:349,(anonymous_15)
FN:388,(anonymous_16)
FN:401,(anonymous_17)
FN:414,(anonymous_18)
FN:465,(anonymous_19)
FN:485,(anonymous_20)
FN:491,(anonymous_21)
FNF:22
FNH:0
FNDA:0,(anonymous_0)
FNDA:0,(anonymous_1)
FNDA:0,(anonymous_2)
FNDA:0,(anonymous_3)
FNDA:0,(anonymous_4)
FNDA:0,(anonymous_5)
FNDA:0,(anonymous_6)
FNDA:0,(anonymous_7)
FNDA:0,(anonymous_8)
FNDA:0,(anonymous_9)
FNDA:0,(anonymous_10)
FNDA:0,(anonymous_11)
FNDA:0,(anonymous_12)
FNDA:0,(anonymous_13)
FNDA:0,(anonymous_14)
FNDA:0,(anonymous_15)
FNDA:0,(anonymous_16)
FNDA:0,(anonymous_17)
FNDA:0,(anonymous_18)
FNDA:0,(anonymous_19)
FNDA:0,(anonymous_20)
FNDA:0,(anonymous_21)
DA:34,0
DA:35,0
DA:44,0
DA:45,0
DA:54,0
DA:56,0
DA:57,0
DA:58,0
DA:59,0
DA:60,0
DA:62,0
DA:63,0
DA:65,0
DA:66,0
DA:69,0
DA:70,0
DA:71,0
DA:72,0
DA:73,0
DA:74,0
DA:80,0
DA:87,0
DA:93,0
DA:97,0
DA:98,0
DA:99,0
DA:100,0
DA:101,0
DA:102,0
DA:104,0
DA:108,0
DA:109,0
DA:118,0
DA:119,0
DA:126,0
DA:127,0
DA:128,0
DA:129,0
DA:130,0
DA:131,0
DA:135,0
DA:167,0
DA:168,0
DA:169,0
DA:171,0
DA:174,0
DA:186,0
DA:264,0
DA:293,0
DA:309,0
DA:311,0
DA:343,0
DA:344,0
DA:346,0
DA:349,0
DA:388,0
DA:401,0
DA:414,0
DA:465,0
DA:485,0
DA:491,0
LF:61
LH:0
BRDA:73,0,0,0
BRDA:73,0,1,0
BRDA:99,1,0,0
BRDA:99,1,1,0
BRDA:99,2,0,0
BRDA:99,2,1,0
BRDA:127,3,0,0
BRDA:127,3,1,0
BRDA:127,3,2,0
BRDA:127,3,3,0
BRDA:177,4,0,0
BRDA:177,4,1,0
BRDA:184,5,0,0
BRDA:184,5,1,0
BRDA:192,6,0,0
BRDA:192,6,1,0
BRDA:193,7,0,0
BRDA:193,7,1,0
BRDA:193,8,0,0
BRDA:193,8,1,0
BRDA:208,9,0,0
BRDA:208,9,1,0
BRDA:237,10,0,0
BRDA:237,10,1,0
BRDA:276,11,0,0
BRDA:276,11,1,0
BRDA:310,12,0,0
BRDA:310,12,1,0
BRDA:314,13,0,0
BRDA:314,13,1,0
BRDA:321,14,0,0
BRDA:321,14,1,0
BRDA:323,15,0,0
BRDA:323,15,1,0
BRDA:324,16,0,0
BRDA:324,16,1,0
BRDA:325,17,0,0
BRDA:325,17,1,0
BRDA:328,18,0,0
BRDA:328,18,1,0
BRDA:352,19,0,0
BRDA:352,19,1,0
BRDA:359,20,0,0
BRDA:359,20,1,0
BRDA:367,21,0,0
BRDA:367,21,1,0
BRDA:390,22,0,0
BRDA:390,22,1,0
BRDA:403,23,0,0
BRDA:403,23,1,0
BRF:50
BRH:0
end_of_record
TN:
SF:src/state/mealStore.ts
FN:7,(anonymous_0)
FN:11,(anonymous_1)
FN:19,(anonymous_2)
FN:25,(anonymous_3)
FN:31,(anonymous_4)
FN:50,(anonymous_5)
FN:58,(anonymous_6)
FN:66,(anonymous_7)
FN:68,(anonymous_8)
FN:69,(anonymous_9)
FN:79,(anonymous_10)
FN:80,(anonymous_11)
FN:91,(anonymous_12)
FN:101,(anonymous_13)
FN:133,(anonymous_14)
FN:134,(anonymous_15)
FN:135,(anonymous_16)
FN:141,(anonymous_17)
FN:148,(anonymous_18)
FN:152,(anonymous_19)
FN:157,(anonymous_20)
FN:160,(anonymous_21)
FN:165,(anonymous_22)
FN:179,(anonymous_23)
FN:240,(anonymous_24)
FN:244,(anonymous_25)
FN:247,(anonymous_26)
FNF:27
FNH:0
FNDA:0,(anonymous_0)
FNDA:0,(anonymous_1)
FNDA:0,(anonymous_2)
FNDA:0,(anonymous_3)
FNDA:0,(anonymous_4)
FNDA:0,(anonymous_5)
FNDA:0,(anonymous_6)
FNDA:0,(anonymous_7)
FNDA:0,(anonymous_8)
FNDA:0,(anonymous_9)
FNDA:0,(anonymous_10)
FNDA:0,(anonymous_11)
FNDA:0,(anonymous_12)
FNDA:0,(anonymous_13)
FNDA:0,(anonymous_14)
FNDA:0,(anonymous_15)
FNDA:0,(anonymous_16)
FNDA:0,(anonymous_17)
FNDA:0,(anonymous_18)
FNDA:0,(anonymous_19)
FNDA:0,(anonymous_20)
FNDA:0,(anonymous_21)
FNDA:0,(anonymous_22)
FNDA:0,(anonymous_23)
FNDA:0,(anonymous_24)
FNDA:0,(anonymous_25)
FNDA:0,(anonymous_26)
DA:7,0
DA:8,0
DA:11,0
DA:17,0
DA:19,0
DA:26,0
DA:28,0
DA:31,0
DA:32,0
DA:34,0
DA:37,0
DA:48,0
DA:49,0
DA:50,0
DA:51,0
DA:53,0
DA:58,0
DA:59,0
DA:60,0
DA:62,0
DA:65,0
DA:66,0
DA:67,0
DA:68,0
DA:69,0
DA:70,0
DA:76,0
DA:79,0
DA:80,0
DA:81,0
DA:82,0
DA:88,0
DA:92,0
DA:93,0
DA:101,0
DA:103,0
DA:104,0
DA:106,0
DA:107,0
DA:114,0
DA:115,0
DA:119,0
DA:126,0
DA:134,0
DA:135,0
DA:136,0
DA:138,0
DA:141,0
DA:149,0
DA:153,0
DA:154,0
DA:155,0
DA:157,0
DA:161,0
DA:174,0
DA:175,0
DA:176,0
DA:177,0
DA:179,0
DA:181,0
DA:184,0
DA:187,0
DA:190,0
DA:193,0
DA:196,0
DA:199,0
DA:202,0
DA:215,0
DA:216,0
DA:217,0
DA:218,0
DA:221,0
DA:223,0
DA:224,0
DA:226,0
DA:227,0
DA:228,0
DA:230,0
DA:234,0
DA:241,0
DA:242,0
DA:245,0
DA:248,0
LF:83
LH:0
BRDA:26,0,0,0
BRDA:26,0,1,0
BRDA:26,1,0,0
BRDA:26,1,1,0
BRDA:34,2,0,0
BRDA:34,2,1,0
BRDA:48,3,0,0
BRDA:48,3,1,0
BRDA:53,4,0,0
BRDA:53,4,1,0
BRDA:60,5,0,0
BRDA:60,5,1,0
BRDA:62,6,0,0
BRDA:62,6,1,0
BRDA:70,7,0,0
BRDA:70,7,1,0
BRDA:70,7,2,0
BRDA:70,7,3,0
BRDA:70,7,4,0
BRDA:76,8,0,0
BRDA:76,8,1,0
BRDA:82,9,0,0
BRDA:82,9,1,0
BRDA:82,9,2,0
BRDA:88,10,0,0
BRDA:88,10,1,0
BRDA:106,11,0,0
BRDA:106,11,1,0
BRDA:114,12,0,0
BRDA:114,12,1,0
BRDA:136,13,0,0
BRDA:136,13,1,0
BRDA:154,14,0,0
BRDA:154,14,1,0
BRDA:205,15,0,0
BRDA:205,15,1,0
BRDA:218,16,0,0
BRDA:218,16,1,0
BRDA:221,17,0,0
BRDA:221,17,1,0
BRDA:242,18,0,0
BRDA:242,18,1,0
BRF:42
BRH:0
end_of_record
TN:
SF:src/state/oracleStore.ts
FN:22,(anonymous_0)
FN:34,(anonymous_1)
FN:42,(anonymous_2)
FN:47,(anonymous_3)
FN:77,(anonymous_4)
FN:98,(anonymous_5)
FN:108,(anonymous_6)
FN:110,(anonymous_7)
FN:111,(anonymous_8)
FN:118,(anonymous_9)
FN:119,(anonymous_10)
FN:120,(anonymous_11)
FN:129,(anonymous_12)
FN:132,(anonymous_13)
FN:134,(anonymous_14)
FN:151,(anonymous_15)
FN:153,(anonymous_16)
FN:175,(anonymous_17)
FN:190,(anonymous_18)
FN:197,(anonymous_19)
FN:201,(anonymous_20)
FN:204,(anonymous_21)
FNF:22
FNH:0
FNDA:0,(anonymous_0)
FNDA:0,(anonymous_1)
FNDA:0,(anonymous_2)
FNDA:0,(anonymous_3)
FNDA:0,(anonymous_4)
FNDA:0,(anonymous_5)
FNDA:0,(anonymous_6)
FNDA:0,(anonymous_7)
FNDA:0,(anonymous_8)
FNDA:0,(anonymous_9)
FNDA:0,(anonymous_10)
FNDA:0,(anonymous_11)
FNDA:0,(anonymous_12)
FNDA:0,(anonymous_13)
FNDA:0,(anonymous_14)
FNDA:0,(anonymous_15)
FNDA:0,(anonymous_16)
FNDA:0,(anonymous_17)
FNDA:0,(anonymous_18)
FNDA:0,(anonymous_19)
FNDA:0,(anonymous_20)
FNDA:0,(anonymous_21)
DA:20,0
DA:22,0
DA:35,0
DA:42,0
DA:48,0
DA:51,0
DA:54,0
DA:56,0
DA:58,0
DA:61,0
DA:62,0
DA:63,0
DA:65,0
DA:66,0
DA:70,0
DA:71,0
DA:73,0
DA:78,0
DA:81,0
DA:82,0
DA:85,0
DA:87,0
DA:90,0
DA:91,0
DA:98,0
DA:104,0
DA:105,0
DA:107,0
DA:109,0
DA:110,0
DA:112,0
DA:119,0
DA:121,0
DA:131,0
DA:132,0
DA:134,0
DA:148,0
DA:150,0
DA:151,0
DA:153,0
DA:166,0
DA:168,0
DA:176,0
DA:191,0
DA:198,0
DA:199,0
DA:202,0
DA:205,0
LF:48
LH:0
BRDA:61,0,0,0
BRDA:61,0,1,0
BRDA:63,1,0,0
BRDA:63,1,1,0
BRDA:81,2,0,0
BRDA:81,2,1,0
BRDA:81,3,0,0
BRDA:81,3,1,0
BRDA:112,4,0,0
BRDA:112,4,1,0
BRDA:121,5,0,0
BRDA:121,5,1,0
BRDA:199,6,0,0
BRDA:199,6,1,0
BRF:14
BRH:0
end_of_record
TN:
SF:src/state/oxalateStore.ts
FN:10,(anonymous_0)
FN:25,(anonymous_1)
FN:38,(anonymous_2)
FN:97,(anonymous_3)
FN:98,(anonymous_4)
FN:104,(anonymous_5)
FN:105,(anonymous_6)
FN:107,(anonymous_7)
FN:117,(anonymous_8)
FN:118,(anonymous_9)
FN:129,(anonymous_10)
FN:137,(anonymous_11)
FN:140,(anonymous_12)
FN:145,(anonymous_13)
FN:150,(anonymous_14)
FN:183,(anonymous_15)
FN:204,(anonymous_16)
FN:212,(anonymous_17)
FN:218,(anonymous_18)
FN:255,(anonymous_19)
FN:259,(anonymous_20)
FN:262,(anonymous_21)
FNF:22
FNH:0
FNDA:0,(anonymous_0)
FNDA:0,(anonymous_1)
FNDA:0,(anonymous_2)
FNDA:0,(anonymous_3)
FNDA:0,(anonymous_4)
FNDA:0,(anonymous_5)
FNDA:0,(anonymous_6)
FNDA:0,(anonymous_7)
FNDA:0,(anonymous_8)
FNDA:0,(anonymous_9)
FNDA:0,(anonymous_10)
FNDA:0,(anonymous_11)
FNDA:0,(anonymous_12)
FNDA:0,(anonymous_13)
FNDA:0,(anonymous_14)
FNDA:0,(anonymous_15)
FNDA:0,(anonymous_16)
FNDA:0,(anonymous_17)
FNDA:0,(anonymous_18)
FNDA:0,(anonymous_19)
FNDA:0,(anonymous_20)
FNDA:0,(anonymous_21)
DA:8,0
DA:10,0
DA:26,0
DA:27,0
DA:28,0
DA:29,0
DA:30,0
DA:32,0
DA:33,0
DA:34,0
DA:39,0
DA:41,0
DA:42,0
DA:43,0
DA:46,0
DA:47,0
DA:49,0
DA:50,0
DA:51,0
DA:52,0
DA:53,0
DA:56,0
DA:57,0
DA:58,0
DA:59,0
DA:60,0
DA:64,0
DA:65,0
DA:66,0
DA:67,0
DA:73,0
DA:76,0
DA:77,0
DA:78,0
DA:83,0
DA:86,0
DA:87,0
DA:88,0
DA:93,0
DA:98,0
DA:101,0
DA:105,0
DA:106,0
DA:107,0
DA:110,0
DA:114,0
DA:118,0
DA:119,0
DA:120,0
DA:122,0
DA:126,0
DA:130,0
DA:132,0
DA:135,0
DA:136,0
DA:137,0
DA:138,0
DA:140,0
DA:145,0
DA:146,0
DA:150,0
DA:154,0
DA:156,0
DA:157,0
DA:158,0
DA:160,0
DA:161,0
DA:162,0
DA:164,0
DA:165,0
DA:166,0
DA:167,0
DA:169,0
DA:172,0
DA:173,0
DA:175,0
DA:179,0
DA:184,0
DA:186,0
DA:188,0
DA:189,0
DA:190,0
DA:195,0
DA:196,0
DA:197,0
DA:200,0
DA:204,0
DA:208,0
DA:213,0
DA:214,0
DA:219,0
DA:220,0
DA:221,0
DA:222,0
DA:224,0
DA:225,0
DA:227,0
DA:228,0
DA:229,0
DA:230,0
DA:231,0
DA:233,0
DA:234,0
DA:235,0
DA:236,0
DA:237,0
DA:240,0
DA:241,0
DA:244,0
DA:256,0
DA:257,0
DA:260,0
DA:263,0
LF:113
LH:0
BRDA:28,0,0,0
BRDA:28,0,1,0
BRDA:30,1,0,0
BRDA:30,1,1,0
BRDA:38,2,0,0
BRDA:46,3,0,0
BRDA:46,3,1,0
BRDA:49,4,0,0
BRDA:49,4,1,0
BRDA:49,5,0,0
BRDA:49,5,1,0
BRDA:56,6,0,0
BRDA:56,6,1,0
BRDA:56,7,0,0
BRDA:56,7,1,0
BRDA:56,7,2,0
BRDA:56,7,3,0
BRDA:64,8,0,0
BRDA:64,8,1,0
BRDA:106,9,0,0
BRDA:106,9,1,0
BRDA:119,10,0,0
BRDA:119,10,1,0
BRDA:119,11,0,0
BRDA:119,11,1,0
BRDA:120,12,0,0
BRDA:120,12,1,0
BRDA:135,13,0,0
BRDA:135,13,1,0
BRDA:138,14,0,0
BRDA:138,14,1,0
BRDA:138,14,2,0
BRDA:138,14,3,0
BRDA:138,14,4,0
BRDA:154,15,0,0
BRDA:154,15,1,0
BRDA:154,15,2,0
BRDA:154,15,3,0
BRDA:172,16,0,0
BRDA:172,16,1,0
BRDA:173,17,0,0
BRDA:173,17,1,0
BRDA:173,18,0,0
BRDA:173,18,1,0
BRDA:175,19,0,0
BRDA:175,19,1,0
BRDA:175,20,0,0
BRDA:175,20,1,0
BRDA:189,21,0,0
BRDA:189,21,1,0
BRDA:221,22,0,0
BRDA:221,22,1,0
BRDA:222,23,0,0
BRDA:222,23,1,0
BRDA:227,24,0,0
BRDA:227,24,1,0
BRDA:227,25,0,0
BRDA:227,25,1,0
BRDA:230,26,0,0
BRDA:230,26,1,0
BRDA:231,27,0,0
BRDA:231,27,1,0
BRDA:233,28,0,0
BRDA:233,28,1,0
BRDA:233,29,0,0
BRDA:233,29,1,0
BRDA:236,30,0,0
BRDA:236,30,1,0
BRDA:257,31,0,0
BRDA:257,31,1,0
BRF:70
BRH:0
end_of_record
TN:
SF:src/state/recipeStore.ts
FN:10,(anonymous_0)
FN:18,(anonymous_1)
FN:26,(anonymous_2)
FN:31,(anonymous_3)
FN:32,(anonymous_4)
FN:33,(anonymous_5)
FN:41,(anonymous_6)
FN:42,(anonymous_7)
FN:43,(anonymous_8)
FN:47,(anonymous_9)
FN:48,(anonymous_10)
FN:49,(anonymous_11)
FN:57,(anonymous_12)
FN:61,(anonymous_13)
FN:62,(anonymous_14)
FN:64,(anonymous_15)
FN:69,(anonymous_16)
FN:73,(anonymous_17)
FN:74,(anonymous_18)
FN:76,(anonymous_19)
FN:81,(anonymous_20)
FN:89,(anonymous_21)
FN:92,(anonymous_22)
FN:93,(anonymous_23)
FN:99,(anonymous_24)
FN:100,(anonymous_25)
FN:106,(anonymous_26)
FN:112,(anonymous_27)
FN:129,(anonymous_28)
FN:130,(anonymous_29)
FN:135,(anonymous_30)
FN:138,(anonymous_31)
FN:250,(anonymous_32)
FN:254,(anonymous_33)
FN:257,(anonymous_34)
FNF:35
FNH:0
FNDA:0,(anonymous_0)
FNDA:0,(anonymous_1)
FNDA:0,(anonymous_2)
FNDA:0,(anonymous_3)
FNDA:0,(anonymous_4)
FNDA:0,(anonymous_5)
FNDA:0,(anonymous_6)
FNDA:0,(anonymous_7)
FNDA:0,(anonymous_8)
FNDA:0,(anonymous_9)
FNDA:0,(anonymous_10)
FNDA:0,(anonymous_11)
FNDA:0,(anonymous_12)
FNDA:0,(anonymous_13)
FNDA:0,(anonymous_14)
FNDA:0,(anonymous_15)
FNDA:0,(anonymous_16)
FNDA:0,(anonymous_17)
FNDA:0,(anonymous_18)
FNDA:0,(anonymous_19)
FNDA:0,(anonymous_20)
FNDA:0,(anonymous_21)
FNDA:0,(anonymous_22)
FNDA:0,(anonymous_23)
FNDA:0,(anonymous_24)
FNDA:0,(anonymous_25)
FNDA:0,(anonymous_26)
FNDA:0,(anonymous_27)
FNDA:0,(anonymous_28)
FNDA:0,(anonymous_29)
FNDA:0,(anonymous_30)
FNDA:0,(anonymous_31)
FNDA:0,(anonymous_32)
FNDA:0,(anonymous_33)
FNDA:0,(anonymous_34)
DA:8,0
DA:10,0
DA:19,0
DA:26,0
DA:32,0
DA:34,0
DA:42,0
DA:43,0
DA:48,0
DA:50,0
DA:58,0
DA:62,0
DA:64,0
DA:70,0
DA:74,0
DA:76,0
DA:82,0
DA:84,0
DA:87,0
DA:88,0
DA:89,0
DA:90,0
DA:92,0
DA:93,0
DA:98,0
DA:99,0
DA:100,0
DA:105,0
DA:106,0
DA:107,0
DA:112,0
DA:113,0
DA:115,0
DA:117,0
DA:119,0
DA:122,0
DA:126,0
DA:130,0
DA:131,0
DA:136,0
DA:138,0
DA:140,0
DA:141,0
DA:142,0
DA:143,0
DA:144,0
DA:148,0
DA:150,0
DA:151,0
DA:154,0
DA:157,0
DA:158,0
DA:159,0
DA:163,0
DA:164,0
DA:165,0
DA:166,0
DA:167,0
DA:168,0
DA:169,0
DA:170,0
DA:171,0
DA:172,0
DA:173,0
DA:175,0
DA:176,0
DA:177,0
DA:178,0
DA:179,0
DA:181,0
DA:182,0
DA:183,0
DA:184,0
DA:185,0
DA:187,0
DA:191,0
DA:193,0
DA:194,0
DA:201,0
DA:202,0
DA:203,0
DA:204,0
DA:205,0
DA:208,0
DA:209,0
DA:210,0
DA:211,0
DA:212,0
DA:214,0
DA:218,0
DA:219,0
DA:222,0
DA:223,0
DA:224,0
DA:226,0
DA:242,0
DA:243,0
DA:251,0
DA:252,0
DA:255,0
DA:258,0
LF:101
LH:0
BRDA:34,0,0,0
BRDA:34,0,1,0
BRDA:50,1,0,0
BRDA:50,1,1,0
BRDA:63,2,0,0
BRDA:63,2,1,0
BRDA:75,3,0,0
BRDA:75,3,1,0
BRDA:87,4,0,0
BRDA:87,4,1,0
BRDA:90,5,0,0
BRDA:90,5,1,0
BRDA:90,5,2,0
BRDA:90,5,3,0
BRDA:98,6,0,0
BRDA:98,6,1,0
BRDA:105,7,0,0
BRDA:105,7,1,0
BRDA:113,8,0,0
BRDA:113,8,1,0
BRDA:113,8,2,0
BRDA:113,8,3,0
BRDA:113,8,4,0
BRDA:119,9,0,0
BRDA:119,9,1,0
BRDA:119,10,0,0
BRDA:119,10,1,0
BRDA:131,11,0,0
BRDA:131,11,1,0
BRDA:154,12,0,0
BRDA:154,12,1,0
BRDA:157,13,0,0
BRDA:157,13,1,0
BRDA:157,14,0,0
BRDA:157,14,1,0
BRDA:157,14,2,0
BRDA:164,15,0,0
BRDA:164,15,1,0
BRDA:167,16,0,0
BRDA:167,16,1,0
BRDA:167,17,0,0
BRDA:167,17,1,0
BRDA:167,17,2,0
BRDA:170,18,0,0
BRDA:170,18,1,0
BRDA:172,19,0,0
BRDA:172,19,1,0
BRDA:176,20,0,0
BRDA:176,20,1,0
BRDA:176,21,0,0
BRDA:176,21,1,0
BRDA:178,22,0,0
BRDA:178,22,1,0
BRDA:182,23,0,0
BRDA:182,23,1,0
BRDA:182,24,0,0
BRDA:182,24,1,0
BRDA:184,25,0,0
BRDA:184,25,1,0
BRDA:191,26,0,0
BRDA:191,26,1,0
BRDA:202,27,0,0
BRDA:202,27,1,0
BRDA:209,28,0,0
BRDA:209,28,1,0
BRDA:212,29,0,0
BRDA:212,29,1,0
BRDA:212,30,0,0
BRDA:212,30,1,0
BRDA:214,31,0,0
BRDA:214,31,1,0
BRDA:218,32,0,0
BRDA:218,32,1,0
BRDA:228,33,0,0
BRDA:228,33,1,0
BRDA:252,34,0,0
BRDA:252,34,1,0
BRF:77
BRH:0
end_of_record
TN:
SF:src/state/rootStore.example.ts
FN:13,(anonymous_0)
FN:20,(anonymous_1)
FNF:2
FNH:0
FNDA:0,(anonymous_0)
FNDA:0,(anonymous_1)
DA:11,0
DA:13,0
DA:20,0
LF:3
LH:0
BRF:0
BRH:0
end_of_record
TN:
SF:src/state/subscriptionStore.ts
FN:78,(anonymous_0)
FN:95,(anonymous_1)
FN:100,(anonymous_2)
FN:109,(anonymous_3)
FN:115,(anonymous_4)
FN:145,(anonymous_5)
FN:167,(anonymous_6)
FN:189,(anonymous_7)
FN:197,(anonymous_8)
FN:234,(anonymous_9)
FN:256,(anonymous_10)
FN:282,(anonymous_11)
FN:310,(anonymous_12)
FN:323,(anonymous_13)
FN:331,(anonymous_14)
FN:342,(anonymous_15)
FN:355,(anonymous_16)
FN:363,(anonymous_17)
FN:374,(anonymous_18)
FN:395,(anonymous_19)
FN:399,(anonymous_20)
FN:402,(anonymous_21)
FNF:22
FNH:0
FNDA:0,(anonymous_0)
FNDA:0,(anonymous_1)
FNDA:0,(anonymous_2)
FNDA:0,(anonymous_3)
FNDA:0,(anonymous_4)
FNDA:0,(anonymous_5)
FNDA:0,(anonymous_6)
FNDA:0,(anonymous_7)
FNDA:0,(anonymous_8)
FNDA:0,(anonymous_9)
FNDA:0,(anonymous_10)
FNDA:0,(anonymous_11)
FNDA:0,(anonymous_12)
FNDA:0,(anonymous_13)
FNDA:0,(anonymous_14)
FNDA:0,(anonymous_15)
FNDA:0,(anonymous_16)
FNDA:0,(anonymous_17)
FNDA:0,(anonymous_18)
FNDA:0,(anonymous_19)
FNDA:0,(anonymous_20)
FNDA:0,(anonymous_21)
DA:7,0
DA:8,0
DA:9,0
DA:11,0
DA:12,0
DA:13,0
DA:14,0
DA:15,0
DA:16,0
DA:19,0
DA:78,0
DA:95,0
DA:96,0
DA:97,0
DA:100,0
DA:101,0
DA:102,0
DA:103,0
DA:104,0
DA:107,0
DA:109,0
DA:116,0
DA:117,0
DA:119,0
DA:120,0
DA:121,0
DA:122,0
DA:126,0
DA:127,0
DA:129,0
DA:131,0
DA:138,0
DA:140,0
DA:141,0
DA:146,0
DA:147,0
DA:148,0
DA:149,0
DA:152,0
DA:153,0
DA:155,0
DA:160,0
DA:162,0
DA:163,0
DA:168,0
DA:169,0
DA:170,0
DA:171,0
DA:174,0
DA:175,0
DA:177,0
DA:182,0
DA:184,0
DA:185,0
DA:190,0
DA:191,0
DA:198,0
DA:200,0
DA:203,0
DA:204,0
DA:216,0
DA:217,0
DA:218,0
DA:221,0
DA:231,0
DA:235,0
DA:237,0
DA:239,0
DA:240,0
DA:243,0
DA:253,0
DA:257,0
DA:259,0
DA:262,0
DA:263,0
DA:264,0
DA:274,0
DA:278,0
DA:279,0
DA:283,0
DA:285,0
DA:287,0
DA:288,0
DA:291,0
DA:293,0
DA:294,0
DA:297,0
DA:307,0
DA:311,0
DA:313,0
DA:316,0
DA:317,0
DA:320,0
DA:324,0
DA:326,0
DA:328,0
DA:332,0
DA:334,0
DA:336,0
DA:338,0
DA:339,0
DA:343,0
DA:345,0
DA:348,0
DA:349,0
DA:352,0
DA:356,0
DA:358,0
DA:360,0
DA:364,0
DA:366,0
DA:368,0
DA:370,0
DA:371,0
DA:375,0
DA:376,0
DA:378,0
DA:379,0
DA:396,0
DA:397,0
DA:400,0
DA:403,0
LF:122
LH:0
BRDA:12,0,0,0
BRDA:12,0,1,0
BRDA:12,1,0,0
BRDA:12,1,1,0
BRDA:119,2,0,0
BRDA:119,2,1,0
BRDA:132,3,0,0
BRDA:132,3,1,0
BRDA:134,4,0,0
BRDA:134,4,1,0
BRDA:147,5,0,0
BRDA:147,5,1,0
BRDA:156,6,0,0
BRDA:156,6,1,0
BRDA:169,7,0,0
BRDA:169,7,1,0
BRDA:178,8,0,0
BRDA:178,8,1,0
BRDA:192,9,0,0
BRDA:192,9,1,0
BRDA:200,10,0,0
BRDA:200,10,1,0
BRDA:203,11,0,0
BRDA:203,11,1,0
BRDA:217,12,0,0
BRDA:217,12,1,0
BRDA:237,13,0,0
BRDA:237,13,1,0
BRDA:239,14,0,0
BRDA:239,14,1,0
BRDA:259,15,0,0
BRDA:259,15,1,0
BRDA:262,16,0,0
BRDA:262,16,1,0
BRDA:285,17,0,0
BRDA:285,17,1,0
BRDA:287,18,0,0
BRDA:287,18,1,0
BRDA:293,19,0,0
BRDA:293,19,1,0
BRDA:313,20,0,0
BRDA:313,20,1,0
BRDA:316,21,0,0
BRDA:316,21,1,0
BRDA:326,22,0,0
BRDA:326,22,1,0
BRDA:334,23,0,0
BRDA:334,23,1,0
BRDA:336,24,0,0
BRDA:336,24,1,0
BRDA:345,25,0,0
BRDA:345,25,1,0
BRDA:348,26,0,0
BRDA:348,26,1,0
BRDA:358,27,0,0
BRDA:358,27,1,0
BRDA:366,28,0,0
BRDA:366,28,1,0
BRDA:368,29,0,0
BRDA:368,29,1,0
BRDA:378,30,0,0
BRDA:378,30,1,0
BRDA:397,31,0,0
BRDA:397,31,1,0
BRF:64
BRH:0
end_of_record
TN:
SF:src/state/userPreferencesStore.ts
FN:15,(anonymous_0)
FN:18,(anonymous_1)
FN:19,(anonymous_2)
FN:44,(anonymous_3)
FN:45,(anonymous_4)
FN:57,(anonymous_5)
FN:58,(anonymous_6)
FN:81,(anonymous_7)
FN:82,(anonymous_8)
FN:97,(anonymous_9)
FN:98,(anonymous_10)
FN:110,(anonymous_11)
FN:124,(anonymous_12)
FN:185,(anonymous_13)
FN:189,(anonymous_14)
FN:196,(anonymous_15)
FN:200,(anonymous_16)
FN:203,(anonymous_17)
FNF:18
FNH:0
FNDA:0,(anonymous_0)
FNDA:0,(anonymous_1)
FNDA:0,(anonymous_2)
FNDA:0,(anonymous_3)
FNDA:0,(anonymous_4)
FNDA:0,(anonymous_5)
FNDA:0,(anonymous_6)
FNDA:0,(anonymous_7)
FNDA:0,(anonymous_8)
FNDA:0,(anonymous_9)
FNDA:0,(anonymous_10)
FNDA:0,(anonymous_11)
FNDA:0,(anonymous_12)
FNDA:0,(anonymous_13)
FNDA:0,(anonymous_14)
FNDA:0,(anonymous_15)
FNDA:0,(anonymous_16)
FNDA:0,(anonymous_17)
DA:13,0
DA:15,0
DA:19,0
DA:45,0
DA:58,0
DA:82,0
DA:98,0
DA:111,0
DA:125,0
DA:126,0
DA:127,0
DA:129,0
DA:132,0
DA:134,0
DA:135,0
DA:137,0
DA:138,0
DA:140,0
DA:141,0
DA:143,0
DA:144,0
DA:148,0
DA:149,0
DA:151,0
DA:152,0
DA:154,0
DA:155,0
DA:157,0
DA:158,0
DA:163,0
DA:165,0
DA:166,0
DA:168,0
DA:169,0
DA:171,0
DA:172,0
DA:175,0
DA:177,0
DA:179,0
DA:181,0
DA:186,0
DA:190,0
DA:197,0
DA:198,0
DA:201,0
DA:204,0
LF:46
LH:0
BRDA:24,0,0,0
BRDA:24,0,1,0
BRDA:25,1,0,0
BRDA:25,1,1,0
BRDA:26,2,0,0
BRDA:26,2,1,0
BRDA:30,3,0,0
BRDA:30,3,1,0
BRDA:31,4,0,0
BRDA:31,4,1,0
BRDA:32,5,0,0
BRDA:32,5,1,0
BRDA:34,6,0,0
BRDA:34,6,1,0
BRDA:63,7,0,0
BRDA:63,7,1,0
BRDA:127,8,0,0
BRDA:127,8,1,0
BRDA:132,9,0,0
BRDA:132,9,1,0
BRDA:132,9,2,0
BRDA:132,9,3,0
BRDA:148,10,0,0
BRDA:148,10,1,0
BRDA:149,11,0,0
BRDA:149,11,1,0
BRDA:149,11,2,0
BRDA:163,12,0,0
BRDA:163,12,1,0
BRDA:163,12,2,0
BRDA:198,13,0,0
BRDA:198,13,1,0
BRF:32
BRH:0
end_of_record
TN:
SF:src/utils/cn.ts
FN:4,cn
FNF:1
FNH:0
FNDA:0,cn
DA:5,0
LF:1
LH:0
BRF:0
BRH:0
end_of_record
